{"name": "Проверка: при создании нового заказа счётчик \"Выполнено за всё время\" увеличивается", "status": "broken", "statusDetails": {"message": "selenium.common.exceptions.ElementClickInterceptedException: Message: element click intercepted: Element <button type=\"button\" class=\"Modal_modal__close_modified__3V5XS Modal_modal__close__TnseK\">...</button> is not clickable at point (1259, 160). Other element would receive the click: <div class=\"Modal_modal_overlay__x2ZCr\"></div>\n  (Session info: chrome=126.0.6478.127)\nStacktrace:\n\tGetHandleVerifier [0x00007FF76631EEA2+31554]\n\t(No symbol) [0x00007FF766297ED9]\n\t(No symbol) [0x00007FF76615872A]\n\t(No symbol) [0x00007FF7661B012E]\n\t(No symbol) [0x00007FF7661ADAF2]\n\t(No symbol) [0x00007FF7661AAF8B]\n\t(No symbol) [0x00007FF7661AA156]\n\t(No symbol) [0x00007FF76619C151]\n\t(No symbol) [0x00007FF7661CD02A]\n\t(No symbol) [0x00007FF76619BA76]\n\t(No symbol) [0x00007FF7661CD240]\n\t(No symbol) [0x00007FF7661EC977]\n\t(No symbol) [0x00007FF7661CCDD3]\n\t(No symbol) [0x00007FF76619A33B]\n\t(No symbol) [0x00007FF76619AED1]\n\tGetHandleVerifier [0x00007FF766628B1D+3217341]\n\tGetHandleVerifier [0x00007FF766675AE3+3532675]\n\tGetHandleVerifier [0x00007FF76666B0E0+3489152]\n\tGetHandleVerifier [0x00007FF7663CE776+750614]\n\t(No symbol) [0x00007FF7662A375F]\n\t(No symbol) [0x00007FF76629EB14]\n\t(No symbol) [0x00007FF76629ECA2]\n\t(No symbol) [0x00007FF76628E16F]\n\tBaseThreadInitThunk [0x00007FFF5AFA257D+29]\n\tRtlUserThreadStart [0x00007FFF5C6EAF28+40]", "trace": "self = <tests.test_lent_of_orders.TestLentOrders object at 0x0000025B86852420>, driver = <selenium.webdriver.chrome.webdriver.WebDriver (session=\"c3b1cba6ee607950fa2b09aa09bdfc03\")>, set_token = None\n\n    @allure.title('Проверка: при создании нового заказа счётчик \"Выполнено за всё время\" увеличивается') #-+\n    def test_create_new_order_order_counter_all_time_rise(self, driver, set_token):\n        main_page = MainPage(driver)\n        food_page = FoodPage(driver)\n        main_page.click_lent_of_orders_fox()\n        order_1 = food_page.get_order_counter_for_all_time()\n        main_page.click_constructor()\n        main_page.click_enter_account_main_page()\n        main_page.drag_drop_ingredient_to_order()\n        main_page.click_button_make_order()\n>       main_page.click_on_button_close_order()\n\ntests\\test_lent_of_orders.py:41: \n_ _ _ _ _ _ _ _ _ _ _ _ _ _ _ _ _ _ _ _ _ _ _ _ _ _ _ _ _ _ _ _ _ _ _ _ _ _ _ _ _ _ _ _ _ _ _ _ _ _ _ _ _ _ _ _ _ _ _ _ _ _ _ _ _ _ _ _ _ _ _ _ _ _ _ _ _ _ _ _ _ _ _ _ _ _ _ _ _ _ _ _ _ _ _ _ _ _ _ _ _ _ _\npage_objects\\main_page.py:110: in click_on_button_close_order\n    self.click_on_element(MainPageLocators.X_CLOSE_BUTTON)\npage_objects\\base_page.py:21: in click_on_element\n    self.driver.find_element(*locator).click()\n..\\..\\AppData\\Local\\Packages\\PythonSoftwareFoundation.Python.3.12_qbz5n2kfra8p0\\LocalCache\\local-packages\\Python312\\site-packages\\selenium\\webdriver\\remote\\webelement.py:94: in click\n    self._execute(Command.CLICK_ELEMENT)\n..\\..\\AppData\\Local\\Packages\\PythonSoftwareFoundation.Python.3.12_qbz5n2kfra8p0\\LocalCache\\local-packages\\Python312\\site-packages\\selenium\\webdriver\\remote\\webelement.py:395: in _execute\n    return self._parent.execute(command, params)\n..\\..\\AppData\\Local\\Packages\\PythonSoftwareFoundation.Python.3.12_qbz5n2kfra8p0\\LocalCache\\local-packages\\Python312\\site-packages\\selenium\\webdriver\\remote\\webdriver.py:347: in execute\n    self.error_handler.check_response(response)\n_ _ _ _ _ _ _ _ _ _ _ _ _ _ _ _ _ _ _ _ _ _ _ _ _ _ _ _ _ _ _ _ _ _ _ _ _ _ _ _ _ _ _ _ _ _ _ _ _ _ _ _ _ _ _ _ _ _ _ _ _ _ _ _ _ _ _ _ _ _ _ _ _ _ _ _ _ _ _ _ _ _ _ _ _ _ _ _ _ _ _ _ _ _ _ _ _ _ _ _ _ _ _\n\nself = <selenium.webdriver.remote.errorhandler.ErrorHandler object at 0x0000025B868976B0>\nresponse = {'status': 400, 'value': '{\"value\":{\"error\":\"element click intercepted\",\"message\":\"element click intercepted: Element ...07FF76628E16F]\\\\n\\\\tBaseThreadInitThunk [0x00007FFF5AFA257D+29]\\\\n\\\\tRtlUserThreadStart [0x00007FFF5C6EAF28+40]\\\\n\"}}'}\n\n    def check_response(self, response: Dict[str, Any]) -> None:\n        \"\"\"Checks that a JSON response from the WebDriver does not have an\n        error.\n    \n        :Args:\n         - response - The JSON response from the WebDriver server as a dictionary\n           object.\n    \n        :Raises: If the response contains an error message.\n        \"\"\"\n        status = response.get(\"status\", None)\n        if not status or status == ErrorCode.SUCCESS:\n            return\n        value = None\n        message = response.get(\"message\", \"\")\n        screen: str = response.get(\"screen\", \"\")\n        stacktrace = None\n        if isinstance(status, int):\n            value_json = response.get(\"value\", None)\n            if value_json and isinstance(value_json, str):\n                import json\n    \n                try:\n                    value = json.loads(value_json)\n                    if len(value) == 1:\n                        value = value[\"value\"]\n                    status = value.get(\"error\", None)\n                    if not status:\n                        status = value.get(\"status\", ErrorCode.UNKNOWN_ERROR)\n                        message = value.get(\"value\") or value.get(\"message\")\n                        if not isinstance(message, str):\n                            value = message\n                            message = message.get(\"message\")\n                    else:\n                        message = value.get(\"message\", None)\n                except ValueError:\n                    pass\n    \n        exception_class: Type[WebDriverException]\n        e = ErrorCode()\n        error_codes = [item for item in dir(e) if not item.startswith(\"__\")]\n        for error_code in error_codes:\n            error_info = getattr(ErrorCode, error_code)\n            if isinstance(error_info, list) and status in error_info:\n                exception_class = getattr(ExceptionMapping, error_code, WebDriverException)\n                break\n        else:\n            exception_class = WebDriverException\n    \n        if not value:\n            value = response[\"value\"]\n        if isinstance(value, str):\n            raise exception_class(value)\n        if message == \"\" and \"message\" in value:\n            message = value[\"message\"]\n    \n        screen = None  # type: ignore[assignment]\n        if \"screen\" in value:\n            screen = value[\"screen\"]\n    \n        stacktrace = None\n        st_value = value.get(\"stackTrace\") or value.get(\"stacktrace\")\n        if st_value:\n            if isinstance(st_value, str):\n                stacktrace = st_value.split(\"\\n\")\n            else:\n                stacktrace = []\n                try:\n                    for frame in st_value:\n                        line = frame.get(\"lineNumber\", \"\")\n                        file = frame.get(\"fileName\", \"<anonymous>\")\n                        if line:\n                            file = f\"{file}:{line}\"\n                        meth = frame.get(\"methodName\", \"<anonymous>\")\n                        if \"className\" in frame:\n                            meth = f\"{frame['className']}.{meth}\"\n                        msg = \"    at %s (%s)\"\n                        msg = msg % (meth, file)\n                        stacktrace.append(msg)\n                except TypeError:\n                    pass\n        if exception_class == UnexpectedAlertPresentException:\n            alert_text = None\n            if \"data\" in value:\n                alert_text = value[\"data\"].get(\"text\")\n            elif \"alert\" in value:\n                alert_text = value[\"alert\"].get(\"text\")\n            raise exception_class(message, screen, stacktrace, alert_text)  # type: ignore[call-arg]  # mypy is not smart enough here\n>       raise exception_class(message, screen, stacktrace)\nE       selenium.common.exceptions.ElementClickInterceptedException: Message: element click intercepted: Element <button type=\"button\" class=\"Modal_modal__close_modified__3V5XS Modal_modal__close__TnseK\">...</button> is not clickable at point (1259, 160). Other element would receive the click: <div class=\"Modal_modal_overlay__x2ZCr\"></div>\nE         (Session info: chrome=126.0.6478.127)\nE       Stacktrace:\nE       \tGetHandleVerifier [0x00007FF76631EEA2+31554]\nE       \t(No symbol) [0x00007FF766297ED9]\nE       \t(No symbol) [0x00007FF76615872A]\nE       \t(No symbol) [0x00007FF7661B012E]\nE       \t(No symbol) [0x00007FF7661ADAF2]\nE       \t(No symbol) [0x00007FF7661AAF8B]\nE       \t(No symbol) [0x00007FF7661AA156]\nE       \t(No symbol) [0x00007FF76619C151]\nE       \t(No symbol) [0x00007FF7661CD02A]\nE       \t(No symbol) [0x00007FF76619BA76]\nE       \t(No symbol) [0x00007FF7661CD240]\nE       \t(No symbol) [0x00007FF7661EC977]\nE       \t(No symbol) [0x00007FF7661CCDD3]\nE       \t(No symbol) [0x00007FF76619A33B]\nE       \t(No symbol) [0x00007FF76619AED1]\nE       \tGetHandleVerifier [0x00007FF766628B1D+3217341]\nE       \tGetHandleVerifier [0x00007FF766675AE3+3532675]\nE       \tGetHandleVerifier [0x00007FF76666B0E0+3489152]\nE       \tGetHandleVerifier [0x00007FF7663CE776+750614]\nE       \t(No symbol) [0x00007FF7662A375F]\nE       \t(No symbol) [0x00007FF76629EB14]\nE       \t(No symbol) [0x00007FF76629ECA2]\nE       \t(No symbol) [0x00007FF76628E16F]\nE       \tBaseThreadInitThunk [0x00007FFF5AFA257D+29]\nE       \tRtlUserThreadStart [0x00007FFF5C6EAF28+40]\n\n..\\..\\AppData\\Local\\Packages\\PythonSoftwareFoundation.Python.3.12_qbz5n2kfra8p0\\LocalCache\\local-packages\\Python312\\site-packages\\selenium\\webdriver\\remote\\errorhandler.py:229: ElementClickInterceptedException"}, "steps": [{"name": "Клик по ленте заказов для Мозилы", "status": "passed", "start": 1721156702088, "stop": 1721156702382}, {"name": "Количество выполненых заказов за все время", "status": "passed", "steps": [{"name": "Найти элемент на странице", "status": "passed", "steps": [{"name": "Прогрузка элемента", "status": "passed", "parameters": [{"name": "locator", "value": "('xpath', '//p[text()=\"Выполнено за все время:\"]/following-sibling::p')"}], "start": 1721156702382, "stop": 1721156702910}], "parameters": [{"name": "locator", "value": "('xpath', '//p[text()=\"Выполнено за все время:\"]/following-sibling::p')"}], "start": 1721156702382, "stop": 1721156702915}, {"name": "Получить текст элемента", "status": "passed", "steps": [{"name": "Прогрузка элемента", "status": "passed", "parameters": [{"name": "locator", "value": "('xpath', '//p[text()=\"Выполнено за все время:\"]/following-sibling::p')"}], "start": 1721156702915, "stop": 1721156702924}], "parameters": [{"name": "locator", "value": "('xpath', '//p[text()=\"Выполнено за все время:\"]/following-sibling::p')"}], "start": 1721156702915, "stop": 1721156702936}], "start": 1721156702382, "stop": 1721156702936}, {"name": "Клик по кнопке \"Конструктор\"", "status": "passed", "steps": [{"name": "Прогрузка элемента", "status": "passed", "parameters": [{"name": "locator", "value": "('xpath', '//p[text() = \"Конструктор\"]')"}], "start": 1721156702936, "stop": 1721156702947}, {"name": "Клик по элементу", "status": "passed", "parameters": [{"name": "locator", "value": "('xpath', '//p[text() = \"Конструктор\"]')"}], "start": 1721156702947, "stop": 1721156702986}], "start": 1721156702936, "stop": 1721156702986}, {"name": "Клик по кнопке \"Войти в аккаунт\" на гл странице, для мозилы", "status": "passed", "start": 1721156702986, "stop": 1721156703282}, {"name": "Перетащить ингредиент", "status": "passed", "steps": [{"name": "Найти элемент на странице", "status": "passed", "steps": [{"name": "Прогрузка элемента", "status": "passed", "parameters": [{"name": "locator", "value": "('xpath', './/*[@alt=\"Флюоресцентная булка R2-D3\"]')"}], "start": 1721156703283, "stop": 1721156703803}], "parameters": [{"name": "locator", "value": "('xpath', './/*[@alt=\"Флюоресцентная булка R2-D3\"]')"}], "start": 1721156703283, "stop": 1721156703809}, {"name": "Найти элемент на странице", "status": "passed", "steps": [{"name": "Прогрузка элемента", "status": "passed", "parameters": [{"name": "locator", "value": "('xpath', '//section[contains(@class, \"BurgerConstructor_basket\")]')"}], "start": 1721156703809, "stop": 1721156703831}], "parameters": [{"name": "locator", "value": "('xpath', '//section[contains(@class, \"BurgerConstructor_basket\")]')"}], "start": 1721156703809, "stop": 1721156703839}, {"name": "Перетащить элемент", "status": "passed", "parameters": [{"name": "source_element", "value": "<selenium.webdriver.remote.webelement.WebElement (session=\"c3b1cba6ee607950fa2b09aa09bdfc03\", element=\"f.B39DC068C7DD89649967C8F4B118B17D.d.AC50EE7A5E63D4F6C69ABFD0833F4CE8.e.128\")>"}, {"name": "target_element", "value": "<selenium.webdriver.remote.webelement.WebElement (session=\"c3b1cba6ee607950fa2b09aa09bdfc03\", element=\"f.B39DC068C7DD89649967C8F4B118B17D.d.AC50EE7A5E63D4F6C69ABFD0833F4CE8.e.129\")>"}], "start": 1721156703839, "stop": 1721156709409}], "start": 1721156703283, "stop": 1721156709409}, {"name": "Кликнуть на кнопку \"Оформить заказ\"", "status": "passed", "steps": [{"name": "Прогрузка элемента", "status": "passed", "parameters": [{"name": "locator", "value": "('class name', 'button_button__33qZ0')"}], "start": 1721156709409, "stop": 1721156709424}, {"name": "Клик по элементу", "status": "passed", "parameters": [{"name": "locator", "value": "('class name', 'button_button__33qZ0')"}], "start": 1721156709424, "stop": 1721156709454}], "start": 1721156709409, "stop": 1721156709454}, {"name": "Клик - закрыть окно заказа", "status": "broken", "statusDetails": {"message": "selenium.common.exceptions.ElementClickInterceptedException: Message: element click intercepted: Element <button type=\"button\" class=\"Modal_modal__close_modified__3V5XS Modal_modal__close__TnseK\">...</button> is not clickable at point (1259, 160). Other element would receive the click: <div class=\"Modal_modal_overlay__x2ZCr\"></div>\n  (Session info: chrome=126.0.6478.127)\nStacktrace:\n\tGetHandleVerifier [0x00007FF76631EEA2+31554]\n\t(No symbol) [0x00007FF766297ED9]\n\t(No symbol) [0x00007FF76615872A]\n\t(No symbol) [0x00007FF7661B012E]\n\t(No symbol) [0x00007FF7661ADAF2]\n\t(No symbol) [0x00007FF7661AAF8B]\n\t(No symbol) [0x00007FF7661AA156]\n\t(No symbol) [0x00007FF76619C151]\n\t(No symbol) [0x00007FF7661CD02A]\n\t(No symbol) [0x00007FF76619BA76]\n\t(No symbol) [0x00007FF7661CD240]\n\t(No symbol) [0x00007FF7661EC977]\n\t(No symbol) [0x00007FF7661CCDD3]\n\t(No symbol) [0x00007FF76619A33B]\n\t(No symbol) [0x00007FF76619AED1]\n\tGetHandleVerifier [0x00007FF766628B1D+3217341]\n\tGetHandleVerifier [0x00007FF766675AE3+3532675]\n\tGetHandleVerifier [0x00007FF76666B0E0+3489152]\n\tGetHandleVerifier [0x00007FF7663CE776+750614]\n\t(No symbol) [0x00007FF7662A375F]\n\t(No symbol) [0x00007FF76629EB14]\n\t(No symbol) [0x00007FF76629ECA2]\n\t(No symbol) [0x00007FF76628E16F]\n\tBaseThreadInitThunk [0x00007FFF5AFA257D+29]\n\tRtlUserThreadStart [0x00007FFF5C6EAF28+40]\n\n", "trace": "  File \"C:\\Users\\Anastasia\\AppData\\Local\\Packages\\PythonSoftwareFoundation.Python.3.12_qbz5n2kfra8p0\\LocalCache\\local-packages\\Python312\\site-packages\\allure_commons\\_allure.py\", line 192, in impl\n    return func(*a, **kw)\n           ^^^^^^^^^^^^^^\n  File \"C:\\Users\\Anastasia\\PycharmProjects\\Diplom_3\\page_objects\\main_page.py\", line 110, in click_on_button_close_order\n    self.click_on_element(MainPageLocators.X_CLOSE_BUTTON)\n  File \"C:\\Users\\Anastasia\\AppData\\Local\\Packages\\PythonSoftwareFoundation.Python.3.12_qbz5n2kfra8p0\\LocalCache\\local-packages\\Python312\\site-packages\\allure_commons\\_allure.py\", line 192, in impl\n    return func(*a, **kw)\n           ^^^^^^^^^^^^^^\n  File \"C:\\Users\\Anastasia\\PycharmProjects\\Diplom_3\\page_objects\\base_page.py\", line 21, in click_on_element\n    self.driver.find_element(*locator).click()\n  File \"C:\\Users\\Anastasia\\AppData\\Local\\Packages\\PythonSoftwareFoundation.Python.3.12_qbz5n2kfra8p0\\LocalCache\\local-packages\\Python312\\site-packages\\selenium\\webdriver\\remote\\webelement.py\", line 94, in click\n    self._execute(Command.CLICK_ELEMENT)\n  File \"C:\\Users\\Anastasia\\AppData\\Local\\Packages\\PythonSoftwareFoundation.Python.3.12_qbz5n2kfra8p0\\LocalCache\\local-packages\\Python312\\site-packages\\selenium\\webdriver\\remote\\webelement.py\", line 395, in _execute\n    return self._parent.execute(command, params)\n           ^^^^^^^^^^^^^^^^^^^^^^^^^^^^^^^^^^^^^\n  File \"C:\\Users\\Anastasia\\AppData\\Local\\Packages\\PythonSoftwareFoundation.Python.3.12_qbz5n2kfra8p0\\LocalCache\\local-packages\\Python312\\site-packages\\selenium\\webdriver\\remote\\webdriver.py\", line 347, in execute\n    self.error_handler.check_response(response)\n  File \"C:\\Users\\Anastasia\\AppData\\Local\\Packages\\PythonSoftwareFoundation.Python.3.12_qbz5n2kfra8p0\\LocalCache\\local-packages\\Python312\\site-packages\\selenium\\webdriver\\remote\\errorhandler.py\", line 229, in check_response\n    raise exception_class(message, screen, stacktrace)\n"}, "steps": [{"name": "Проверить кликабельность элемента", "status": "passed", "parameters": [{"name": "locator", "value": "('xpath', '//section[contains(@class, \"Modal_modal_opened\")]//button[contains(@class, \"close\")]')"}], "start": 1721156709454, "stop": 1721156709475}, {"name": "Прогрузка элемента", "status": "passed", "parameters": [{"name": "locator", "value": "('xpath', '//section[contains(@class, \"Modal_modal_opened\")]//button[contains(@class, \"close\")]')"}], "start": 1721156709475, "stop": 1721156709487}, {"name": "Найти элемент на странице", "status": "passed", "steps": [{"name": "Прогрузка элемента", "status": "passed", "parameters": [{"name": "locator", "value": "('xpath', '//section[contains(@class, \"Modal_modal_opened\")]//button[contains(@class, \"close\")]')"}], "start": 1721156709487, "stop": 1721156709497}], "parameters": [{"name": "locator", "value": "('xpath', '//section[contains(@class, \"Modal_modal_opened\")]//button[contains(@class, \"close\")]')"}], "start": 1721156709487, "stop": 1721156709501}, {"name": "Клик по элементу", "status": "broken", "statusDetails": {"message": "selenium.common.exceptions.ElementClickInterceptedException: Message: element click intercepted: Element <button type=\"button\" class=\"Modal_modal__close_modified__3V5XS Modal_modal__close__TnseK\">...</button> is not clickable at point (1259, 160). Other element would receive the click: <div class=\"Modal_modal_overlay__x2ZCr\"></div>\n  (Session info: chrome=126.0.6478.127)\nStacktrace:\n\tGetHandleVerifier [0x00007FF76631EEA2+31554]\n\t(No symbol) [0x00007FF766297ED9]\n\t(No symbol) [0x00007FF76615872A]\n\t(No symbol) [0x00007FF7661B012E]\n\t(No symbol) [0x00007FF7661ADAF2]\n\t(No symbol) [0x00007FF7661AAF8B]\n\t(No symbol) [0x00007FF7661AA156]\n\t(No symbol) [0x00007FF76619C151]\n\t(No symbol) [0x00007FF7661CD02A]\n\t(No symbol) [0x00007FF76619BA76]\n\t(No symbol) [0x00007FF7661CD240]\n\t(No symbol) [0x00007FF7661EC977]\n\t(No symbol) [0x00007FF7661CCDD3]\n\t(No symbol) [0x00007FF76619A33B]\n\t(No symbol) [0x00007FF76619AED1]\n\tGetHandleVerifier [0x00007FF766628B1D+3217341]\n\tGetHandleVerifier [0x00007FF766675AE3+3532675]\n\tGetHandleVerifier [0x00007FF76666B0E0+3489152]\n\tGetHandleVerifier [0x00007FF7663CE776+750614]\n\t(No symbol) [0x00007FF7662A375F]\n\t(No symbol) [0x00007FF76629EB14]\n\t(No symbol) [0x00007FF76629ECA2]\n\t(No symbol) [0x00007FF76628E16F]\n\tBaseThreadInitThunk [0x00007FFF5AFA257D+29]\n\tRtlUserThreadStart [0x00007FFF5C6EAF28+40]\n\n", "trace": "  File \"C:\\Users\\Anastasia\\AppData\\Local\\Packages\\PythonSoftwareFoundation.Python.3.12_qbz5n2kfra8p0\\LocalCache\\local-packages\\Python312\\site-packages\\allure_commons\\_allure.py\", line 192, in impl\n    return func(*a, **kw)\n           ^^^^^^^^^^^^^^\n  File \"C:\\Users\\Anastasia\\PycharmProjects\\Diplom_3\\page_objects\\base_page.py\", line 21, in click_on_element\n    self.driver.find_element(*locator).click()\n  File \"C:\\Users\\Anastasia\\AppData\\Local\\Packages\\PythonSoftwareFoundation.Python.3.12_qbz5n2kfra8p0\\LocalCache\\local-packages\\Python312\\site-packages\\selenium\\webdriver\\remote\\webelement.py\", line 94, in click\n    self._execute(Command.CLICK_ELEMENT)\n  File \"C:\\Users\\Anastasia\\AppData\\Local\\Packages\\PythonSoftwareFoundation.Python.3.12_qbz5n2kfra8p0\\LocalCache\\local-packages\\Python312\\site-packages\\selenium\\webdriver\\remote\\webelement.py\", line 395, in _execute\n    return self._parent.execute(command, params)\n           ^^^^^^^^^^^^^^^^^^^^^^^^^^^^^^^^^^^^^\n  File \"C:\\Users\\Anastasia\\AppData\\Local\\Packages\\PythonSoftwareFoundation.Python.3.12_qbz5n2kfra8p0\\LocalCache\\local-packages\\Python312\\site-packages\\selenium\\webdriver\\remote\\webdriver.py\", line 347, in execute\n    self.error_handler.check_response(response)\n  File \"C:\\Users\\Anastasia\\AppData\\Local\\Packages\\PythonSoftwareFoundation.Python.3.12_qbz5n2kfra8p0\\LocalCache\\local-packages\\Python312\\site-packages\\selenium\\webdriver\\remote\\errorhandler.py\", line 229, in check_response\n    raise exception_class(message, screen, stacktrace)\n"}, "parameters": [{"name": "locator", "value": "('xpath', '//section[contains(@class, \"Modal_modal_opened\")]//button[contains(@class, \"close\")]')"}], "start": 1721156709501, "stop": 1721156710595}], "start": 1721156709454, "stop": 1721156710600}], "parameters": [{"name": "driver", "value": "'chrome'"}], "start": 1721156702088, "stop": 1721156710601, "uuid": "b82be591-e0a3-4970-8497-eb7f7e228bdf", "historyId": "1e29fefb0f2cfb54e953d7fb8158866e", "testCaseId": "8226e1057074981658b879fec53f27f3", "fullName": "tests.test_lent_of_orders.TestLentOrders#test_create_new_order_order_counter_all_time_rise", "labels": [{"name": "parentSuite", "value": "tests"}, {"name": "suite", "value": "test_lent_of_orders"}, {"name": "subSuite", "value": "TestLentOrders"}, {"name": "host", "value": "Pro_Magnus_M"}, {"name": "thread", "value": "18484-MainThread"}, {"name": "framework", "value": "pytest"}, {"name": "language", "value": "cpython3"}, {"name": "package", "value": "tests.test_lent_of_orders"}]}