{"name": "Ввод почты и клик по кнопке «Восстановить»", "status": "broken", "statusDetails": {"message": "selenium.common.exceptions.TimeoutException: Message: \nStacktrace:\n\tGetHandleVerifier [0x00007FF78E42EEB2+31554]\n\t(No symbol) [0x00007FF78E3A7EE9]\n\t(No symbol) [0x00007FF78E26872A]\n\t(No symbol) [0x00007FF78E2B8434]\n\t(No symbol) [0x00007FF78E2B853C]\n\t(No symbol) [0x00007FF78E2FF6A7]\n\t(No symbol) [0x00007FF78E2DD06F]\n\t(No symbol) [0x00007FF78E2FC977]\n\t(No symbol) [0x00007FF78E2DCDD3]\n\t(No symbol) [0x00007FF78E2AA33B]\n\t(No symbol) [0x00007FF78E2AAED1]\n\tGetHandleVerifier [0x00007FF78E738B2D+3217341]\n\tGetHandleVerifier [0x00007FF78E785AF3+3532675]\n\tGetHandleVerifier [0x00007FF78E77B0F0+3489152]\n\tGetHandleVerifier [0x00007FF78E4DE786+750614]\n\t(No symbol) [0x00007FF78E3B376F]\n\t(No symbol) [0x00007FF78E3AEB24]\n\t(No symbol) [0x00007FF78E3AECB2]\n\t(No symbol) [0x00007FF78E39E17F]\n\tBaseThreadInitThunk [0x00007FFF5AFA257D+29]\n\tRtlUserThreadStart [0x00007FFF5C6EAF28+40]", "trace": "self = <tests.test_password_recovery.TestPasswordRecovery object at 0x0000024FADE4ECF0>, driver = <selenium.webdriver.chrome.webdriver.WebDriver (session=\"49a3288f3c0912f724fff103455f86ba\")>\n\n    @allure.title('Ввод почты и клик по кнопке «Восстановить»')\n    def test_input_email_and_click_recover_button(self, driver):\n        main_page = MainPage(driver)\n        main_page.click_account_button()\n        password_recovery_page = PasswordRecoveryPage(driver)\n>       password_recovery_page.click_recover_password()\n\ntests\\test_password_recovery.py:19: \n_ _ _ _ _ _ _ _ _ _ _ _ _ _ _ _ _ _ _ _ _ _ _ _ _ _ _ _ _ _ _ _ _ _ _ _ _ _ _ _ _ _ _ _ _ _ _ _ _ _ _ _ _ _ _ _ _ _ _ _ _ _ _ _ _ _ _ _ _ _ _ _ _ _ _ _ _ _ _ _ _ _ _ _ _ _ _ _ _ _ _ _ _ _ _ _ _ _ _ _ _ _ _\npage_objects\\password_recovery_page.py:9: in click_recover_password\n    self.wait_visibility_of_element(PasswordRecoveryLocators.RECOVER_PASSWORD)\npage_objects\\base_page.py:34: in wait_visibility_of_element\n    return WebDriverWait(self.driver, 20).until(expected_conditions.visibility_of_element_located(locator))\n_ _ _ _ _ _ _ _ _ _ _ _ _ _ _ _ _ _ _ _ _ _ _ _ _ _ _ _ _ _ _ _ _ _ _ _ _ _ _ _ _ _ _ _ _ _ _ _ _ _ _ _ _ _ _ _ _ _ _ _ _ _ _ _ _ _ _ _ _ _ _ _ _ _ _ _ _ _ _ _ _ _ _ _ _ _ _ _ _ _ _ _ _ _ _ _ _ _ _ _ _ _ _\n\nself = <selenium.webdriver.support.wait.WebDriverWait (session=\"49a3288f3c0912f724fff103455f86ba\")>, method = <function visibility_of_element_located.<locals>._predicate at 0x0000024FADF06980>, message = ''\n\n    def until(self, method: Callable[[D], Union[Literal[False], T]], message: str = \"\") -> T:\n        \"\"\"Calls the method provided with the driver as an argument until the \\\n        return value does not evaluate to ``False``.\n    \n        :param method: callable(WebDriver)\n        :param message: optional message for :exc:`TimeoutException`\n        :returns: the result of the last call to `method`\n        :raises: :exc:`selenium.common.exceptions.TimeoutException` if timeout occurs\n        \"\"\"\n        screen = None\n        stacktrace = None\n    \n        end_time = time.monotonic() + self._timeout\n        while True:\n            try:\n                value = method(self._driver)\n                if value:\n                    return value\n            except self._ignored_exceptions as exc:\n                screen = getattr(exc, \"screen\", None)\n                stacktrace = getattr(exc, \"stacktrace\", None)\n            time.sleep(self._poll)\n            if time.monotonic() > end_time:\n                break\n>       raise TimeoutException(message, screen, stacktrace)\nE       selenium.common.exceptions.TimeoutException: Message: \nE       Stacktrace:\nE       \tGetHandleVerifier [0x00007FF78E42EEB2+31554]\nE       \t(No symbol) [0x00007FF78E3A7EE9]\nE       \t(No symbol) [0x00007FF78E26872A]\nE       \t(No symbol) [0x00007FF78E2B8434]\nE       \t(No symbol) [0x00007FF78E2B853C]\nE       \t(No symbol) [0x00007FF78E2FF6A7]\nE       \t(No symbol) [0x00007FF78E2DD06F]\nE       \t(No symbol) [0x00007FF78E2FC977]\nE       \t(No symbol) [0x00007FF78E2DCDD3]\nE       \t(No symbol) [0x00007FF78E2AA33B]\nE       \t(No symbol) [0x00007FF78E2AAED1]\nE       \tGetHandleVerifier [0x00007FF78E738B2D+3217341]\nE       \tGetHandleVerifier [0x00007FF78E785AF3+3532675]\nE       \tGetHandleVerifier [0x00007FF78E77B0F0+3489152]\nE       \tGetHandleVerifier [0x00007FF78E4DE786+750614]\nE       \t(No symbol) [0x00007FF78E3B376F]\nE       \t(No symbol) [0x00007FF78E3AEB24]\nE       \t(No symbol) [0x00007FF78E3AECB2]\nE       \t(No symbol) [0x00007FF78E39E17F]\nE       \tBaseThreadInitThunk [0x00007FFF5AFA257D+29]\nE       \tRtlUserThreadStart [0x00007FFF5C6EAF28+40]\n\n..\\..\\AppData\\Local\\Packages\\PythonSoftwareFoundation.Python.3.12_qbz5n2kfra8p0\\LocalCache\\local-packages\\Python312\\site-packages\\selenium\\webdriver\\support\\wait.py:105: TimeoutException"}, "steps": [{"name": "Клик на кнопку Личный кабинет, для мозилы, так как с простым кликом не работает", "status": "passed", "start": 1721310273124, "stop": 1721310273425}, {"name": "Открыть страницу восстановления пароля", "status": "broken", "statusDetails": {"message": "selenium.common.exceptions.TimeoutException: Message: \nStacktrace:\n\tGetHandleVerifier [0x00007FF78E42EEB2+31554]\n\t(No symbol) [0x00007FF78E3A7EE9]\n\t(No symbol) [0x00007FF78E26872A]\n\t(No symbol) [0x00007FF78E2B8434]\n\t(No symbol) [0x00007FF78E2B853C]\n\t(No symbol) [0x00007FF78E2FF6A7]\n\t(No symbol) [0x00007FF78E2DD06F]\n\t(No symbol) [0x00007FF78E2FC977]\n\t(No symbol) [0x00007FF78E2DCDD3]\n\t(No symbol) [0x00007FF78E2AA33B]\n\t(No symbol) [0x00007FF78E2AAED1]\n\tGetHandleVerifier [0x00007FF78E738B2D+3217341]\n\tGetHandleVerifier [0x00007FF78E785AF3+3532675]\n\tGetHandleVerifier [0x00007FF78E77B0F0+3489152]\n\tGetHandleVerifier [0x00007FF78E4DE786+750614]\n\t(No symbol) [0x00007FF78E3B376F]\n\t(No symbol) [0x00007FF78E3AEB24]\n\t(No symbol) [0x00007FF78E3AECB2]\n\t(No symbol) [0x00007FF78E39E17F]\n\tBaseThreadInitThunk [0x00007FFF5AFA257D+29]\n\tRtlUserThreadStart [0x00007FFF5C6EAF28+40]\n\n", "trace": "  File \"C:\\Users\\Anastasia\\AppData\\Local\\Packages\\PythonSoftwareFoundation.Python.3.12_qbz5n2kfra8p0\\LocalCache\\local-packages\\Python312\\site-packages\\allure_commons\\_allure.py\", line 192, in impl\n    return func(*a, **kw)\n           ^^^^^^^^^^^^^^\n  File \"C:\\Users\\Anastasia\\PycharmProjects\\Diplom_3\\page_objects\\password_recovery_page.py\", line 9, in click_recover_password\n    self.wait_visibility_of_element(PasswordRecoveryLocators.RECOVER_PASSWORD)\n  File \"C:\\Users\\Anastasia\\AppData\\Local\\Packages\\PythonSoftwareFoundation.Python.3.12_qbz5n2kfra8p0\\LocalCache\\local-packages\\Python312\\site-packages\\allure_commons\\_allure.py\", line 192, in impl\n    return func(*a, **kw)\n           ^^^^^^^^^^^^^^\n  File \"C:\\Users\\Anastasia\\PycharmProjects\\Diplom_3\\page_objects\\base_page.py\", line 34, in wait_visibility_of_element\n    return WebDriverWait(self.driver, 20).until(expected_conditions.visibility_of_element_located(locator))\n           ^^^^^^^^^^^^^^^^^^^^^^^^^^^^^^^^^^^^^^^^^^^^^^^^^^^^^^^^^^^^^^^^^^^^^^^^^^^^^^^^^^^^^^^^^^^^^^^^\n  File \"C:\\Users\\Anastasia\\AppData\\Local\\Packages\\PythonSoftwareFoundation.Python.3.12_qbz5n2kfra8p0\\LocalCache\\local-packages\\Python312\\site-packages\\selenium\\webdriver\\support\\wait.py\", line 105, in until\n    raise TimeoutException(message, screen, stacktrace)\n"}, "steps": [{"name": "Прогрузка элемента", "status": "broken", "statusDetails": {"message": "selenium.common.exceptions.TimeoutException: Message: \nStacktrace:\n\tGetHandleVerifier [0x00007FF78E42EEB2+31554]\n\t(No symbol) [0x00007FF78E3A7EE9]\n\t(No symbol) [0x00007FF78E26872A]\n\t(No symbol) [0x00007FF78E2B8434]\n\t(No symbol) [0x00007FF78E2B853C]\n\t(No symbol) [0x00007FF78E2FF6A7]\n\t(No symbol) [0x00007FF78E2DD06F]\n\t(No symbol) [0x00007FF78E2FC977]\n\t(No symbol) [0x00007FF78E2DCDD3]\n\t(No symbol) [0x00007FF78E2AA33B]\n\t(No symbol) [0x00007FF78E2AAED1]\n\tGetHandleVerifier [0x00007FF78E738B2D+3217341]\n\tGetHandleVerifier [0x00007FF78E785AF3+3532675]\n\tGetHandleVerifier [0x00007FF78E77B0F0+3489152]\n\tGetHandleVerifier [0x00007FF78E4DE786+750614]\n\t(No symbol) [0x00007FF78E3B376F]\n\t(No symbol) [0x00007FF78E3AEB24]\n\t(No symbol) [0x00007FF78E3AECB2]\n\t(No symbol) [0x00007FF78E39E17F]\n\tBaseThreadInitThunk [0x00007FFF5AFA257D+29]\n\tRtlUserThreadStart [0x00007FFF5C6EAF28+40]\n\n", "trace": "  File \"C:\\Users\\Anastasia\\AppData\\Local\\Packages\\PythonSoftwareFoundation.Python.3.12_qbz5n2kfra8p0\\LocalCache\\local-packages\\Python312\\site-packages\\allure_commons\\_allure.py\", line 192, in impl\n    return func(*a, **kw)\n           ^^^^^^^^^^^^^^\n  File \"C:\\Users\\Anastasia\\PycharmProjects\\Diplom_3\\page_objects\\base_page.py\", line 34, in wait_visibility_of_element\n    return WebDriverWait(self.driver, 20).until(expected_conditions.visibility_of_element_located(locator))\n           ^^^^^^^^^^^^^^^^^^^^^^^^^^^^^^^^^^^^^^^^^^^^^^^^^^^^^^^^^^^^^^^^^^^^^^^^^^^^^^^^^^^^^^^^^^^^^^^^\n  File \"C:\\Users\\Anastasia\\AppData\\Local\\Packages\\PythonSoftwareFoundation.Python.3.12_qbz5n2kfra8p0\\LocalCache\\local-packages\\Python312\\site-packages\\selenium\\webdriver\\support\\wait.py\", line 105, in until\n    raise TimeoutException(message, screen, stacktrace)\n"}, "parameters": [{"name": "locator", "value": "('xpath', '//a[text() = \"Восстановить пароль\"]')"}], "start": 1721310273425, "stop": 1721310293782}], "start": 1721310273425, "stop": 1721310293783}], "parameters": [{"name": "driver", "value": "'chrome'"}], "start": 1721310273124, "stop": 1721310293787, "uuid": "7176c650-1c5e-4c29-a35c-c9f3007c4df4", "historyId": "816982d68c47286034d9679cad41237d", "testCaseId": "0f8a25305519114bb67dc76cd47e7396", "fullName": "tests.test_password_recovery.TestPasswordRecovery#test_input_email_and_click_recover_button", "labels": [{"name": "parentSuite", "value": "tests"}, {"name": "suite", "value": "test_password_recovery"}, {"name": "subSuite", "value": "TestPasswordRecovery"}, {"name": "host", "value": "Pro_Magnus_M"}, {"name": "thread", "value": "15940-MainThread"}, {"name": "framework", "value": "pytest"}, {"name": "language", "value": "cpython3"}, {"name": "package", "value": "tests.test_password_recovery"}]}