{"name": "Проверка: при создании нового заказа счётчик \"Выполнено за всё время\" увеличивается", "status": "broken", "statusDetails": {"message": "selenium.common.exceptions.TimeoutException: Message: \nStacktrace:\n\tGetHandleVerifier [0x00007FF7240DEEB2+31554]\n\t(No symbol) [0x00007FF724057EE9]\n\t(No symbol) [0x00007FF723F1872A]\n\t(No symbol) [0x00007FF723F68434]\n\t(No symbol) [0x00007FF723F6853C]\n\t(No symbol) [0x00007FF723FAF6A7]\n\t(No symbol) [0x00007FF723F8D06F]\n\t(No symbol) [0x00007FF723FAC977]\n\t(No symbol) [0x00007FF723F8CDD3]\n\t(No symbol) [0x00007FF723F5A33B]\n\t(No symbol) [0x00007FF723F5AED1]\n\tGetHandleVerifier [0x00007FF7243E8B2D+3217341]\n\tGetHandleVerifier [0x00007FF724435AF3+3532675]\n\tGetHandleVerifier [0x00007FF72442B0F0+3489152]\n\tGetHandleVerifier [0x00007FF72418E786+750614]\n\t(No symbol) [0x00007FF72406376F]\n\t(No symbol) [0x00007FF72405EB24]\n\t(No symbol) [0x00007FF72405ECB2]\n\t(No symbol) [0x00007FF72404E17F]\n\tBaseThreadInitThunk [0x00007FFF5AFA257D+29]\n\tRtlUserThreadStart [0x00007FFF5C6EAF28+40]", "trace": "self = <tests.test_lent_of_orders.TestLentOrders object at 0x0000029F3C44E5D0>, driver = <selenium.webdriver.chrome.webdriver.WebDriver (session=\"d3d2fef8e145f715f393f40ee58fafe7\")>, set_token = None\n\n    @allure.title('Проверка: при создании нового заказа счётчик \"Выполнено за всё время\" увеличивается')  # -+\n    def test_create_new_order_order_counter_all_time_rise(self, driver, set_token):\n        main_page = MainPage(driver)\n        food_page = FoodPage(driver)\n        main_page.click_lent_of_orders_fox()\n        order_1 = food_page.get_order_counter_for_all_time()\n        main_page.click_constructor()\n        main_page.click_enter_account_main_page()\n        main_page.drag_drop_ingredient_to_order()\n        main_page.click_button_make_order()\n        main_page.click_on_button_close_order_fox()\n        main_page.click_lent_of_orders_fox()\n>       order_2 = food_page.get_order_counter_for_all_time()\n\ntests\\test_lent_of_orders.py:45: \n_ _ _ _ _ _ _ _ _ _ _ _ _ _ _ _ _ _ _ _ _ _ _ _ _ _ _ _ _ _ _ _ _ _ _ _ _ _ _ _ _ _ _ _ _ _ _ _ _ _ _ _ _ _ _ _ _ _ _ _ _ _ _ _ _ _ _ _ _ _ _ _ _ _ _ _ _ _ _ _ _ _ _ _ _ _ _ _ _ _ _ _ _ _ _ _ _ _ _ _ _ _ _\npage_objects\\food_page.py:26: in get_order_counter_for_all_time\n    count = self.find_element_waiting(FoodLocators.ORDER_COUNTER_ALL_TIME).text\npage_objects\\base_page.py:16: in find_element_waiting\n    self.wait_visibility_of_element(locator)\npage_objects\\base_page.py:30: in wait_visibility_of_element\n    return WebDriverWait(self.driver, 20).until(expected_conditions.visibility_of_element_located(locator))\n_ _ _ _ _ _ _ _ _ _ _ _ _ _ _ _ _ _ _ _ _ _ _ _ _ _ _ _ _ _ _ _ _ _ _ _ _ _ _ _ _ _ _ _ _ _ _ _ _ _ _ _ _ _ _ _ _ _ _ _ _ _ _ _ _ _ _ _ _ _ _ _ _ _ _ _ _ _ _ _ _ _ _ _ _ _ _ _ _ _ _ _ _ _ _ _ _ _ _ _ _ _ _\n\nself = <selenium.webdriver.support.wait.WebDriverWait (session=\"d3d2fef8e145f715f393f40ee58fafe7\")>, method = <function visibility_of_element_located.<locals>._predicate at 0x0000029F3ACBA480>, message = ''\n\n    def until(self, method: Callable[[D], Union[Literal[False], T]], message: str = \"\") -> T:\n        \"\"\"Calls the method provided with the driver as an argument until the \\\n        return value does not evaluate to ``False``.\n    \n        :param method: callable(WebDriver)\n        :param message: optional message for :exc:`TimeoutException`\n        :returns: the result of the last call to `method`\n        :raises: :exc:`selenium.common.exceptions.TimeoutException` if timeout occurs\n        \"\"\"\n        screen = None\n        stacktrace = None\n    \n        end_time = time.monotonic() + self._timeout\n        while True:\n            try:\n                value = method(self._driver)\n                if value:\n                    return value\n            except self._ignored_exceptions as exc:\n                screen = getattr(exc, \"screen\", None)\n                stacktrace = getattr(exc, \"stacktrace\", None)\n            time.sleep(self._poll)\n            if time.monotonic() > end_time:\n                break\n>       raise TimeoutException(message, screen, stacktrace)\nE       selenium.common.exceptions.TimeoutException: Message: \nE       Stacktrace:\nE       \tGetHandleVerifier [0x00007FF7240DEEB2+31554]\nE       \t(No symbol) [0x00007FF724057EE9]\nE       \t(No symbol) [0x00007FF723F1872A]\nE       \t(No symbol) [0x00007FF723F68434]\nE       \t(No symbol) [0x00007FF723F6853C]\nE       \t(No symbol) [0x00007FF723FAF6A7]\nE       \t(No symbol) [0x00007FF723F8D06F]\nE       \t(No symbol) [0x00007FF723FAC977]\nE       \t(No symbol) [0x00007FF723F8CDD3]\nE       \t(No symbol) [0x00007FF723F5A33B]\nE       \t(No symbol) [0x00007FF723F5AED1]\nE       \tGetHandleVerifier [0x00007FF7243E8B2D+3217341]\nE       \tGetHandleVerifier [0x00007FF724435AF3+3532675]\nE       \tGetHandleVerifier [0x00007FF72442B0F0+3489152]\nE       \tGetHandleVerifier [0x00007FF72418E786+750614]\nE       \t(No symbol) [0x00007FF72406376F]\nE       \t(No symbol) [0x00007FF72405EB24]\nE       \t(No symbol) [0x00007FF72405ECB2]\nE       \t(No symbol) [0x00007FF72404E17F]\nE       \tBaseThreadInitThunk [0x00007FFF5AFA257D+29]\nE       \tRtlUserThreadStart [0x00007FFF5C6EAF28+40]\n\n..\\..\\AppData\\Local\\Packages\\PythonSoftwareFoundation.Python.3.12_qbz5n2kfra8p0\\LocalCache\\local-packages\\Python312\\site-packages\\selenium\\webdriver\\support\\wait.py:105: TimeoutException"}, "steps": [{"name": "Клик по ленте заказов для Мозилы", "status": "passed", "start": 1721227523078, "stop": 1721227523407}, {"name": "Количество выполненных заказов за все время", "status": "passed", "steps": [{"name": "Найти элемент на странице", "status": "passed", "steps": [{"name": "Прогрузка элемента", "status": "passed", "parameters": [{"name": "locator", "value": "('xpath', '//p[text()=\"Выполнено за все время:\"]/following-sibling::p')"}], "start": 1721227523407, "stop": 1721227523942}], "parameters": [{"name": "locator", "value": "('xpath', '//p[text()=\"Выполнено за все время:\"]/following-sibling::p')"}], "start": 1721227523407, "stop": 1721227523953}], "start": 1721227523407, "stop": 1721227523965}, {"name": "Клик по кнопке \"Конструктор\"", "status": "passed", "steps": [{"name": "Прогрузка элемента", "status": "passed", "parameters": [{"name": "locator", "value": "('xpath', '//p[text() = \"Конструктор\"]')"}], "start": 1721227523966, "stop": 1721227523983}, {"name": "Клик по элементу", "status": "passed", "parameters": [{"name": "locator", "value": "('xpath', '//p[text() = \"Конструктор\"]')"}], "start": 1721227523983, "stop": 1721227524035}], "start": 1721227523966, "stop": 1721227524035}, {"name": "Клик по кнопке \"Войти в аккаунт\" на гл странице, для мозилы", "status": "passed", "start": 1721227524035, "stop": 1721227524348}, {"name": "Перетащить ингредиент", "status": "passed", "steps": [{"name": "Найти элемент на странице", "status": "passed", "steps": [{"name": "Прогрузка элемента", "status": "passed", "parameters": [{"name": "locator", "value": "('xpath', './/*[@alt=\"Флюоресцентная булка R2-D3\"]')"}], "start": 1721227524348, "stop": 1721227524876}], "parameters": [{"name": "locator", "value": "('xpath', './/*[@alt=\"Флюоресцентная булка R2-D3\"]')"}], "start": 1721227524348, "stop": 1721227524881}, {"name": "Найти элемент на странице", "status": "passed", "steps": [{"name": "Прогрузка элемента", "status": "passed", "parameters": [{"name": "locator", "value": "('xpath', '//section[contains(@class, \"BurgerConstructor_basket\")]')"}], "start": 1721227524882, "stop": 1721227524914}], "parameters": [{"name": "locator", "value": "('xpath', '//section[contains(@class, \"BurgerConstructor_basket\")]')"}], "start": 1721227524882, "stop": 1721227524922}, {"name": "Перетащить элемент", "status": "passed", "parameters": [{"name": "source_element", "value": "<selenium.webdriver.remote.webelement.WebElement (session=\"d3d2fef8e145f715f393f40ee58fafe7\", element=\"f.6BB86B78DB39AB247E19DEA6178E05A0.d.2803DB18921B83278769A543FBC45BF2.e.86\")>"}, {"name": "target_element", "value": "<selenium.webdriver.remote.webelement.WebElement (session=\"d3d2fef8e145f715f393f40ee58fafe7\", element=\"f.6BB86B78DB39AB247E19DEA6178E05A0.d.2803DB18921B83278769A543FBC45BF2.e.87\")>"}], "start": 1721227524922, "stop": 1721227530484}], "start": 1721227524348, "stop": 1721227530484}, {"name": "Кликнуть на кнопку \"Оформить заказ\"", "status": "passed", "steps": [{"name": "Прогрузка элемента", "status": "passed", "parameters": [{"name": "locator", "value": "('class name', 'button_button__33qZ0')"}], "start": 1721227530484, "stop": 1721227530501}, {"name": "Клик по элементу", "status": "passed", "parameters": [{"name": "locator", "value": "('class name', 'button_button__33qZ0')"}], "start": 1721227530502, "stop": 1721227530531}], "start": 1721227530484, "stop": 1721227530531}, {"name": "Клик - закрыть окно заказа Mozila", "status": "passed", "start": 1721227530531, "stop": 1721227531347}, {"name": "Клик по ленте заказов для Мозилы", "status": "passed", "start": 1721227531348, "stop": 1721227531644}, {"name": "Количество выполненных заказов за все время", "status": "broken", "statusDetails": {"message": "selenium.common.exceptions.TimeoutException: Message: \nStacktrace:\n\tGetHandleVerifier [0x00007FF7240DEEB2+31554]\n\t(No symbol) [0x00007FF724057EE9]\n\t(No symbol) [0x00007FF723F1872A]\n\t(No symbol) [0x00007FF723F68434]\n\t(No symbol) [0x00007FF723F6853C]\n\t(No symbol) [0x00007FF723FAF6A7]\n\t(No symbol) [0x00007FF723F8D06F]\n\t(No symbol) [0x00007FF723FAC977]\n\t(No symbol) [0x00007FF723F8CDD3]\n\t(No symbol) [0x00007FF723F5A33B]\n\t(No symbol) [0x00007FF723F5AED1]\n\tGetHandleVerifier [0x00007FF7243E8B2D+3217341]\n\tGetHandleVerifier [0x00007FF724435AF3+3532675]\n\tGetHandleVerifier [0x00007FF72442B0F0+3489152]\n\tGetHandleVerifier [0x00007FF72418E786+750614]\n\t(No symbol) [0x00007FF72406376F]\n\t(No symbol) [0x00007FF72405EB24]\n\t(No symbol) [0x00007FF72405ECB2]\n\t(No symbol) [0x00007FF72404E17F]\n\tBaseThreadInitThunk [0x00007FFF5AFA257D+29]\n\tRtlUserThreadStart [0x00007FFF5C6EAF28+40]\n\n", "trace": "  File \"C:\\Users\\Anastasia\\AppData\\Local\\Packages\\PythonSoftwareFoundation.Python.3.12_qbz5n2kfra8p0\\LocalCache\\local-packages\\Python312\\site-packages\\allure_commons\\_allure.py\", line 192, in impl\n    return func(*a, **kw)\n           ^^^^^^^^^^^^^^\n  File \"C:\\Users\\Anastasia\\PycharmProjects\\Diplom_3\\page_objects\\food_page.py\", line 26, in get_order_counter_for_all_time\n    count = self.find_element_waiting(FoodLocators.ORDER_COUNTER_ALL_TIME).text\n            ^^^^^^^^^^^^^^^^^^^^^^^^^^^^^^^^^^^^^^^^^^^^^^^^^^^^^^^^^^^^^^\n  File \"C:\\Users\\Anastasia\\AppData\\Local\\Packages\\PythonSoftwareFoundation.Python.3.12_qbz5n2kfra8p0\\LocalCache\\local-packages\\Python312\\site-packages\\allure_commons\\_allure.py\", line 192, in impl\n    return func(*a, **kw)\n           ^^^^^^^^^^^^^^\n  File \"C:\\Users\\Anastasia\\PycharmProjects\\Diplom_3\\page_objects\\base_page.py\", line 16, in find_element_waiting\n    self.wait_visibility_of_element(locator)\n  File \"C:\\Users\\Anastasia\\AppData\\Local\\Packages\\PythonSoftwareFoundation.Python.3.12_qbz5n2kfra8p0\\LocalCache\\local-packages\\Python312\\site-packages\\allure_commons\\_allure.py\", line 192, in impl\n    return func(*a, **kw)\n           ^^^^^^^^^^^^^^\n  File \"C:\\Users\\Anastasia\\PycharmProjects\\Diplom_3\\page_objects\\base_page.py\", line 30, in wait_visibility_of_element\n    return WebDriverWait(self.driver, 20).until(expected_conditions.visibility_of_element_located(locator))\n           ^^^^^^^^^^^^^^^^^^^^^^^^^^^^^^^^^^^^^^^^^^^^^^^^^^^^^^^^^^^^^^^^^^^^^^^^^^^^^^^^^^^^^^^^^^^^^^^^\n  File \"C:\\Users\\Anastasia\\AppData\\Local\\Packages\\PythonSoftwareFoundation.Python.3.12_qbz5n2kfra8p0\\LocalCache\\local-packages\\Python312\\site-packages\\selenium\\webdriver\\support\\wait.py\", line 105, in until\n    raise TimeoutException(message, screen, stacktrace)\n"}, "steps": [{"name": "Найти элемент на странице", "status": "broken", "statusDetails": {"message": "selenium.common.exceptions.TimeoutException: Message: \nStacktrace:\n\tGetHandleVerifier [0x00007FF7240DEEB2+31554]\n\t(No symbol) [0x00007FF724057EE9]\n\t(No symbol) [0x00007FF723F1872A]\n\t(No symbol) [0x00007FF723F68434]\n\t(No symbol) [0x00007FF723F6853C]\n\t(No symbol) [0x00007FF723FAF6A7]\n\t(No symbol) [0x00007FF723F8D06F]\n\t(No symbol) [0x00007FF723FAC977]\n\t(No symbol) [0x00007FF723F8CDD3]\n\t(No symbol) [0x00007FF723F5A33B]\n\t(No symbol) [0x00007FF723F5AED1]\n\tGetHandleVerifier [0x00007FF7243E8B2D+3217341]\n\tGetHandleVerifier [0x00007FF724435AF3+3532675]\n\tGetHandleVerifier [0x00007FF72442B0F0+3489152]\n\tGetHandleVerifier [0x00007FF72418E786+750614]\n\t(No symbol) [0x00007FF72406376F]\n\t(No symbol) [0x00007FF72405EB24]\n\t(No symbol) [0x00007FF72405ECB2]\n\t(No symbol) [0x00007FF72404E17F]\n\tBaseThreadInitThunk [0x00007FFF5AFA257D+29]\n\tRtlUserThreadStart [0x00007FFF5C6EAF28+40]\n\n", "trace": "  File \"C:\\Users\\Anastasia\\AppData\\Local\\Packages\\PythonSoftwareFoundation.Python.3.12_qbz5n2kfra8p0\\LocalCache\\local-packages\\Python312\\site-packages\\allure_commons\\_allure.py\", line 192, in impl\n    return func(*a, **kw)\n           ^^^^^^^^^^^^^^\n  File \"C:\\Users\\Anastasia\\PycharmProjects\\Diplom_3\\page_objects\\base_page.py\", line 16, in find_element_waiting\n    self.wait_visibility_of_element(locator)\n  File \"C:\\Users\\Anastasia\\AppData\\Local\\Packages\\PythonSoftwareFoundation.Python.3.12_qbz5n2kfra8p0\\LocalCache\\local-packages\\Python312\\site-packages\\allure_commons\\_allure.py\", line 192, in impl\n    return func(*a, **kw)\n           ^^^^^^^^^^^^^^\n  File \"C:\\Users\\Anastasia\\PycharmProjects\\Diplom_3\\page_objects\\base_page.py\", line 30, in wait_visibility_of_element\n    return WebDriverWait(self.driver, 20).until(expected_conditions.visibility_of_element_located(locator))\n           ^^^^^^^^^^^^^^^^^^^^^^^^^^^^^^^^^^^^^^^^^^^^^^^^^^^^^^^^^^^^^^^^^^^^^^^^^^^^^^^^^^^^^^^^^^^^^^^^\n  File \"C:\\Users\\Anastasia\\AppData\\Local\\Packages\\PythonSoftwareFoundation.Python.3.12_qbz5n2kfra8p0\\LocalCache\\local-packages\\Python312\\site-packages\\selenium\\webdriver\\support\\wait.py\", line 105, in until\n    raise TimeoutException(message, screen, stacktrace)\n"}, "steps": [{"name": "Прогрузка элемента", "status": "broken", "statusDetails": {"message": "selenium.common.exceptions.TimeoutException: Message: \nStacktrace:\n\tGetHandleVerifier [0x00007FF7240DEEB2+31554]\n\t(No symbol) [0x00007FF724057EE9]\n\t(No symbol) [0x00007FF723F1872A]\n\t(No symbol) [0x00007FF723F68434]\n\t(No symbol) [0x00007FF723F6853C]\n\t(No symbol) [0x00007FF723FAF6A7]\n\t(No symbol) [0x00007FF723F8D06F]\n\t(No symbol) [0x00007FF723FAC977]\n\t(No symbol) [0x00007FF723F8CDD3]\n\t(No symbol) [0x00007FF723F5A33B]\n\t(No symbol) [0x00007FF723F5AED1]\n\tGetHandleVerifier [0x00007FF7243E8B2D+3217341]\n\tGetHandleVerifier [0x00007FF724435AF3+3532675]\n\tGetHandleVerifier [0x00007FF72442B0F0+3489152]\n\tGetHandleVerifier [0x00007FF72418E786+750614]\n\t(No symbol) [0x00007FF72406376F]\n\t(No symbol) [0x00007FF72405EB24]\n\t(No symbol) [0x00007FF72405ECB2]\n\t(No symbol) [0x00007FF72404E17F]\n\tBaseThreadInitThunk [0x00007FFF5AFA257D+29]\n\tRtlUserThreadStart [0x00007FFF5C6EAF28+40]\n\n", "trace": "  File \"C:\\Users\\Anastasia\\AppData\\Local\\Packages\\PythonSoftwareFoundation.Python.3.12_qbz5n2kfra8p0\\LocalCache\\local-packages\\Python312\\site-packages\\allure_commons\\_allure.py\", line 192, in impl\n    return func(*a, **kw)\n           ^^^^^^^^^^^^^^\n  File \"C:\\Users\\Anastasia\\PycharmProjects\\Diplom_3\\page_objects\\base_page.py\", line 30, in wait_visibility_of_element\n    return WebDriverWait(self.driver, 20).until(expected_conditions.visibility_of_element_located(locator))\n           ^^^^^^^^^^^^^^^^^^^^^^^^^^^^^^^^^^^^^^^^^^^^^^^^^^^^^^^^^^^^^^^^^^^^^^^^^^^^^^^^^^^^^^^^^^^^^^^^\n  File \"C:\\Users\\Anastasia\\AppData\\Local\\Packages\\PythonSoftwareFoundation.Python.3.12_qbz5n2kfra8p0\\LocalCache\\local-packages\\Python312\\site-packages\\selenium\\webdriver\\support\\wait.py\", line 105, in until\n    raise TimeoutException(message, screen, stacktrace)\n"}, "parameters": [{"name": "locator", "value": "('xpath', '//p[text()=\"Выполнено за все время:\"]/following-sibling::p')"}], "start": 1721227531644, "stop": 1721227551992}], "parameters": [{"name": "locator", "value": "('xpath', '//p[text()=\"Выполнено за все время:\"]/following-sibling::p')"}], "start": 1721227531644, "stop": 1721227551993}], "start": 1721227531644, "stop": 1721227551994}], "parameters": [{"name": "driver", "value": "'chrome'"}], "start": 1721227523078, "stop": 1721227551995, "uuid": "51ed7bc1-69fe-46e8-b481-6af74d45282c", "historyId": "1e29fefb0f2cfb54e953d7fb8158866e", "testCaseId": "8226e1057074981658b879fec53f27f3", "fullName": "tests.test_lent_of_orders.TestLentOrders#test_create_new_order_order_counter_all_time_rise", "labels": [{"name": "parentSuite", "value": "tests"}, {"name": "suite", "value": "test_lent_of_orders"}, {"name": "subSuite", "value": "TestLentOrders"}, {"name": "host", "value": "Pro_Magnus_M"}, {"name": "thread", "value": "8660-MainThread"}, {"name": "framework", "value": "pytest"}, {"name": "language", "value": "cpython3"}, {"name": "package", "value": "tests.test_lent_of_orders"}]}