{"name": "Проверка: при создании нового заказа счётчик \"Выполнено за всё время\" увеличивается", "status": "broken", "statusDetails": {"message": "selenium.common.exceptions.TimeoutException: Message: \nStacktrace:\n\tGetHandleVerifier [0x00007FF78E42EEB2+31554]\n\t(No symbol) [0x00007FF78E3A7EE9]\n\t(No symbol) [0x00007FF78E26872A]\n\t(No symbol) [0x00007FF78E2B8434]\n\t(No symbol) [0x00007FF78E2B853C]\n\t(No symbol) [0x00007FF78E2FF6A7]\n\t(No symbol) [0x00007FF78E2DD06F]\n\t(No symbol) [0x00007FF78E2FC977]\n\t(No symbol) [0x00007FF78E2DCDD3]\n\t(No symbol) [0x00007FF78E2AA33B]\n\t(No symbol) [0x00007FF78E2AAED1]\n\tGetHandleVerifier [0x00007FF78E738B2D+3217341]\n\tGetHandleVerifier [0x00007FF78E785AF3+3532675]\n\tGetHandleVerifier [0x00007FF78E77B0F0+3489152]\n\tGetHandleVerifier [0x00007FF78E4DE786+750614]\n\t(No symbol) [0x00007FF78E3B376F]\n\t(No symbol) [0x00007FF78E3AEB24]\n\t(No symbol) [0x00007FF78E3AECB2]\n\t(No symbol) [0x00007FF78E39E17F]\n\tBaseThreadInitThunk [0x00007FFF5AFA257D+29]\n\tRtlUserThreadStart [0x00007FFF5C6EAF28+40]", "trace": "self = <tests.test_lent_of_orders.TestLentOrders object at 0x000001C599D4AC30>, driver = <selenium.webdriver.chrome.webdriver.WebDriver (session=\"0f36c5bfd64adbdaa646fdd24fb6473d\")>, set_token = None\n\n    @allure.title('Проверка: при создании нового заказа счётчик \"Выполнено за всё время\" увеличивается')\n    def test_create_new_order_order_counter_all_time_rise(self, driver, set_token):\n        main_page = MainPage(driver)\n        food_page = FoodPage(driver)\n        main_page.click_lent_of_orders_fox()\n        order_1 = food_page.get_order_counter_for_all_time()\n        main_page.click_constructor()\n        main_page.click_enter_account_main_page()\n        main_page.drag_drop_ingredient_to_order()\n        main_page.click_button_make_order()\n        main_page.click_on_button_close_order_fox()\n        main_page.click_lent_of_orders_fox()\n>       order_2 = food_page.get_order_counter_for_all_time()\n\ntests\\test_lent_of_orders.py:42: \n_ _ _ _ _ _ _ _ _ _ _ _ _ _ _ _ _ _ _ _ _ _ _ _ _ _ _ _ _ _ _ _ _ _ _ _ _ _ _ _ _ _ _ _ _ _ _ _ _ _ _ _ _ _ _ _ _ _ _ _ _ _ _ _ _ _ _ _ _ _ _ _ _ _ _ _ _ _ _ _ _ _ _ _ _ _ _ _ _ _ _ _ _ _ _ _ _ _ _ _ _ _ _\npage_objects\\food_page.py:22: in get_order_counter_for_all_time\n    count = self.find_element_waiting(FoodLocators.ORDER_COUNTER_ALL_TIME).text\npage_objects\\base_page.py:20: in find_element_waiting\n    self.wait_visibility_of_element(locator)\npage_objects\\base_page.py:34: in wait_visibility_of_element\n    return WebDriverWait(self.driver, 20).until(expected_conditions.visibility_of_element_located(locator))\n_ _ _ _ _ _ _ _ _ _ _ _ _ _ _ _ _ _ _ _ _ _ _ _ _ _ _ _ _ _ _ _ _ _ _ _ _ _ _ _ _ _ _ _ _ _ _ _ _ _ _ _ _ _ _ _ _ _ _ _ _ _ _ _ _ _ _ _ _ _ _ _ _ _ _ _ _ _ _ _ _ _ _ _ _ _ _ _ _ _ _ _ _ _ _ _ _ _ _ _ _ _ _\n\nself = <selenium.webdriver.support.wait.WebDriverWait (session=\"0f36c5bfd64adbdaa646fdd24fb6473d\")>, method = <function visibility_of_element_located.<locals>._predicate at 0x000001C599DC6A20>, message = ''\n\n    def until(self, method: Callable[[D], Union[Literal[False], T]], message: str = \"\") -> T:\n        \"\"\"Calls the method provided with the driver as an argument until the \\\n        return value does not evaluate to ``False``.\n    \n        :param method: callable(WebDriver)\n        :param message: optional message for :exc:`TimeoutException`\n        :returns: the result of the last call to `method`\n        :raises: :exc:`selenium.common.exceptions.TimeoutException` if timeout occurs\n        \"\"\"\n        screen = None\n        stacktrace = None\n    \n        end_time = time.monotonic() + self._timeout\n        while True:\n            try:\n                value = method(self._driver)\n                if value:\n                    return value\n            except self._ignored_exceptions as exc:\n                screen = getattr(exc, \"screen\", None)\n                stacktrace = getattr(exc, \"stacktrace\", None)\n            time.sleep(self._poll)\n            if time.monotonic() > end_time:\n                break\n>       raise TimeoutException(message, screen, stacktrace)\nE       selenium.common.exceptions.TimeoutException: Message: \nE       Stacktrace:\nE       \tGetHandleVerifier [0x00007FF78E42EEB2+31554]\nE       \t(No symbol) [0x00007FF78E3A7EE9]\nE       \t(No symbol) [0x00007FF78E26872A]\nE       \t(No symbol) [0x00007FF78E2B8434]\nE       \t(No symbol) [0x00007FF78E2B853C]\nE       \t(No symbol) [0x00007FF78E2FF6A7]\nE       \t(No symbol) [0x00007FF78E2DD06F]\nE       \t(No symbol) [0x00007FF78E2FC977]\nE       \t(No symbol) [0x00007FF78E2DCDD3]\nE       \t(No symbol) [0x00007FF78E2AA33B]\nE       \t(No symbol) [0x00007FF78E2AAED1]\nE       \tGetHandleVerifier [0x00007FF78E738B2D+3217341]\nE       \tGetHandleVerifier [0x00007FF78E785AF3+3532675]\nE       \tGetHandleVerifier [0x00007FF78E77B0F0+3489152]\nE       \tGetHandleVerifier [0x00007FF78E4DE786+750614]\nE       \t(No symbol) [0x00007FF78E3B376F]\nE       \t(No symbol) [0x00007FF78E3AEB24]\nE       \t(No symbol) [0x00007FF78E3AECB2]\nE       \t(No symbol) [0x00007FF78E39E17F]\nE       \tBaseThreadInitThunk [0x00007FFF5AFA257D+29]\nE       \tRtlUserThreadStart [0x00007FFF5C6EAF28+40]\n\n..\\..\\AppData\\Local\\Packages\\PythonSoftwareFoundation.Python.3.12_qbz5n2kfra8p0\\LocalCache\\local-packages\\Python312\\site-packages\\selenium\\webdriver\\support\\wait.py:105: TimeoutException"}, "steps": [{"name": "Клик по ленте заказов для Мозилы", "status": "passed", "start": 1721313523945, "stop": 1721313524254}, {"name": "Количество выполненных заказов за все время", "status": "passed", "steps": [{"name": "Найти элемент на странице", "status": "passed", "steps": [{"name": "Прогрузка элемента", "status": "passed", "parameters": [{"name": "locator", "value": "('xpath', '//p[text()=\"Выполнено за все время:\"]/following-sibling::p')"}], "start": 1721313524254, "stop": 1721313524784}], "parameters": [{"name": "locator", "value": "('xpath', '//p[text()=\"Выполнено за все время:\"]/following-sibling::p')"}], "start": 1721313524254, "stop": 1721313524790}], "start": 1721313524254, "stop": 1721313524798}, {"name": "Клик по кнопке \"Конструктор\"", "status": "passed", "steps": [{"name": "Прогрузка элемента", "status": "passed", "parameters": [{"name": "locator", "value": "('xpath', '//p[text() = \"Конструктор\"]')"}], "start": 1721313524798, "stop": 1721313524810}, {"name": "Клик по элементу", "status": "passed", "parameters": [{"name": "locator", "value": "('xpath', '//p[text() = \"Конструктор\"]')"}], "start": 1721313524810, "stop": 1721313524849}], "start": 1721313524798, "stop": 1721313524849}, {"name": "Клик по кнопке \"Войти в аккаунт\" на гл странице, для мозилы", "status": "passed", "start": 1721313524849, "stop": 1721313525162}, {"name": "Перетащить ингредиент", "status": "passed", "steps": [{"name": "Найти элемент на странице", "status": "passed", "steps": [{"name": "Прогрузка элемента", "status": "passed", "parameters": [{"name": "locator", "value": "('xpath', './/*[@alt=\"Флюоресцентная булка R2-D3\"]')"}], "start": 1721313525162, "stop": 1721313525686}], "parameters": [{"name": "locator", "value": "('xpath', './/*[@alt=\"Флюоресцентная булка R2-D3\"]')"}], "start": 1721313525162, "stop": 1721313525692}, {"name": "Найти элемент на странице", "status": "passed", "steps": [{"name": "Прогрузка элемента", "status": "passed", "parameters": [{"name": "locator", "value": "('xpath', '//section[contains(@class, \"BurgerConstructor_basket\")]')"}], "start": 1721313525692, "stop": 1721313525704}], "parameters": [{"name": "locator", "value": "('xpath', '//section[contains(@class, \"BurgerConstructor_basket\")]')"}], "start": 1721313525692, "stop": 1721313525710}, {"name": "Перетащить элемент", "status": "passed", "parameters": [{"name": "source_element", "value": "<selenium.webdriver.remote.webelement.WebElement (session=\"0f36c5bfd64adbdaa646fdd24fb6473d\", element=\"f.F7923521F3C6FBB515435B71DF7F24B2.d.1EFBC9D4738F7BFE6BDDD629BA901368.e.100\")>"}, {"name": "target_element", "value": "<selenium.webdriver.remote.webelement.WebElement (session=\"0f36c5bfd64adbdaa646fdd24fb6473d\", element=\"f.F7923521F3C6FBB515435B71DF7F24B2.d.1EFBC9D4738F7BFE6BDDD629BA901368.e.101\")>"}], "start": 1721313525710, "stop": 1721313531262}], "start": 1721313525162, "stop": 1721313531262}, {"name": "Кликнуть на кнопку \"Оформить заказ\"", "status": "passed", "steps": [{"name": "Прогрузка элемента", "status": "passed", "parameters": [{"name": "locator", "value": "('class name', 'button_button__33qZ0')"}], "start": 1721313531262, "stop": 1721313531278}, {"name": "Клик по элементу", "status": "passed", "parameters": [{"name": "locator", "value": "('class name', 'button_button__33qZ0')"}], "start": 1721313531278, "stop": 1721313531308}], "start": 1721313531262, "stop": 1721313531308}, {"name": "Клик - закрыть окно заказа Mozila", "status": "passed", "start": 1721313531308, "stop": 1721313531611}, {"name": "Клик по ленте заказов для Мозилы", "status": "passed", "start": 1721313531611, "stop": 1721313531908}, {"name": "Количество выполненных заказов за все время", "status": "broken", "statusDetails": {"message": "selenium.common.exceptions.TimeoutException: Message: \nStacktrace:\n\tGetHandleVerifier [0x00007FF78E42EEB2+31554]\n\t(No symbol) [0x00007FF78E3A7EE9]\n\t(No symbol) [0x00007FF78E26872A]\n\t(No symbol) [0x00007FF78E2B8434]\n\t(No symbol) [0x00007FF78E2B853C]\n\t(No symbol) [0x00007FF78E2FF6A7]\n\t(No symbol) [0x00007FF78E2DD06F]\n\t(No symbol) [0x00007FF78E2FC977]\n\t(No symbol) [0x00007FF78E2DCDD3]\n\t(No symbol) [0x00007FF78E2AA33B]\n\t(No symbol) [0x00007FF78E2AAED1]\n\tGetHandleVerifier [0x00007FF78E738B2D+3217341]\n\tGetHandleVerifier [0x00007FF78E785AF3+3532675]\n\tGetHandleVerifier [0x00007FF78E77B0F0+3489152]\n\tGetHandleVerifier [0x00007FF78E4DE786+750614]\n\t(No symbol) [0x00007FF78E3B376F]\n\t(No symbol) [0x00007FF78E3AEB24]\n\t(No symbol) [0x00007FF78E3AECB2]\n\t(No symbol) [0x00007FF78E39E17F]\n\tBaseThreadInitThunk [0x00007FFF5AFA257D+29]\n\tRtlUserThreadStart [0x00007FFF5C6EAF28+40]\n\n", "trace": "  File \"C:\\Users\\Anastasia\\AppData\\Local\\Packages\\PythonSoftwareFoundation.Python.3.12_qbz5n2kfra8p0\\LocalCache\\local-packages\\Python312\\site-packages\\allure_commons\\_allure.py\", line 192, in impl\n    return func(*a, **kw)\n           ^^^^^^^^^^^^^^\n  File \"C:\\Users\\Anastasia\\PycharmProjects\\Diplom_3\\page_objects\\food_page.py\", line 22, in get_order_counter_for_all_time\n    count = self.find_element_waiting(FoodLocators.ORDER_COUNTER_ALL_TIME).text\n            ^^^^^^^^^^^^^^^^^^^^^^^^^^^^^^^^^^^^^^^^^^^^^^^^^^^^^^^^^^^^^^\n  File \"C:\\Users\\Anastasia\\AppData\\Local\\Packages\\PythonSoftwareFoundation.Python.3.12_qbz5n2kfra8p0\\LocalCache\\local-packages\\Python312\\site-packages\\allure_commons\\_allure.py\", line 192, in impl\n    return func(*a, **kw)\n           ^^^^^^^^^^^^^^\n  File \"C:\\Users\\Anastasia\\PycharmProjects\\Diplom_3\\page_objects\\base_page.py\", line 20, in find_element_waiting\n    self.wait_visibility_of_element(locator)\n  File \"C:\\Users\\Anastasia\\AppData\\Local\\Packages\\PythonSoftwareFoundation.Python.3.12_qbz5n2kfra8p0\\LocalCache\\local-packages\\Python312\\site-packages\\allure_commons\\_allure.py\", line 192, in impl\n    return func(*a, **kw)\n           ^^^^^^^^^^^^^^\n  File \"C:\\Users\\Anastasia\\PycharmProjects\\Diplom_3\\page_objects\\base_page.py\", line 34, in wait_visibility_of_element\n    return WebDriverWait(self.driver, 20).until(expected_conditions.visibility_of_element_located(locator))\n           ^^^^^^^^^^^^^^^^^^^^^^^^^^^^^^^^^^^^^^^^^^^^^^^^^^^^^^^^^^^^^^^^^^^^^^^^^^^^^^^^^^^^^^^^^^^^^^^^\n  File \"C:\\Users\\Anastasia\\AppData\\Local\\Packages\\PythonSoftwareFoundation.Python.3.12_qbz5n2kfra8p0\\LocalCache\\local-packages\\Python312\\site-packages\\selenium\\webdriver\\support\\wait.py\", line 105, in until\n    raise TimeoutException(message, screen, stacktrace)\n"}, "steps": [{"name": "Найти элемент на странице", "status": "broken", "statusDetails": {"message": "selenium.common.exceptions.TimeoutException: Message: \nStacktrace:\n\tGetHandleVerifier [0x00007FF78E42EEB2+31554]\n\t(No symbol) [0x00007FF78E3A7EE9]\n\t(No symbol) [0x00007FF78E26872A]\n\t(No symbol) [0x00007FF78E2B8434]\n\t(No symbol) [0x00007FF78E2B853C]\n\t(No symbol) [0x00007FF78E2FF6A7]\n\t(No symbol) [0x00007FF78E2DD06F]\n\t(No symbol) [0x00007FF78E2FC977]\n\t(No symbol) [0x00007FF78E2DCDD3]\n\t(No symbol) [0x00007FF78E2AA33B]\n\t(No symbol) [0x00007FF78E2AAED1]\n\tGetHandleVerifier [0x00007FF78E738B2D+3217341]\n\tGetHandleVerifier [0x00007FF78E785AF3+3532675]\n\tGetHandleVerifier [0x00007FF78E77B0F0+3489152]\n\tGetHandleVerifier [0x00007FF78E4DE786+750614]\n\t(No symbol) [0x00007FF78E3B376F]\n\t(No symbol) [0x00007FF78E3AEB24]\n\t(No symbol) [0x00007FF78E3AECB2]\n\t(No symbol) [0x00007FF78E39E17F]\n\tBaseThreadInitThunk [0x00007FFF5AFA257D+29]\n\tRtlUserThreadStart [0x00007FFF5C6EAF28+40]\n\n", "trace": "  File \"C:\\Users\\Anastasia\\AppData\\Local\\Packages\\PythonSoftwareFoundation.Python.3.12_qbz5n2kfra8p0\\LocalCache\\local-packages\\Python312\\site-packages\\allure_commons\\_allure.py\", line 192, in impl\n    return func(*a, **kw)\n           ^^^^^^^^^^^^^^\n  File \"C:\\Users\\Anastasia\\PycharmProjects\\Diplom_3\\page_objects\\base_page.py\", line 20, in find_element_waiting\n    self.wait_visibility_of_element(locator)\n  File \"C:\\Users\\Anastasia\\AppData\\Local\\Packages\\PythonSoftwareFoundation.Python.3.12_qbz5n2kfra8p0\\LocalCache\\local-packages\\Python312\\site-packages\\allure_commons\\_allure.py\", line 192, in impl\n    return func(*a, **kw)\n           ^^^^^^^^^^^^^^\n  File \"C:\\Users\\Anastasia\\PycharmProjects\\Diplom_3\\page_objects\\base_page.py\", line 34, in wait_visibility_of_element\n    return WebDriverWait(self.driver, 20).until(expected_conditions.visibility_of_element_located(locator))\n           ^^^^^^^^^^^^^^^^^^^^^^^^^^^^^^^^^^^^^^^^^^^^^^^^^^^^^^^^^^^^^^^^^^^^^^^^^^^^^^^^^^^^^^^^^^^^^^^^\n  File \"C:\\Users\\Anastasia\\AppData\\Local\\Packages\\PythonSoftwareFoundation.Python.3.12_qbz5n2kfra8p0\\LocalCache\\local-packages\\Python312\\site-packages\\selenium\\webdriver\\support\\wait.py\", line 105, in until\n    raise TimeoutException(message, screen, stacktrace)\n"}, "steps": [{"name": "Прогрузка элемента", "status": "broken", "statusDetails": {"message": "selenium.common.exceptions.TimeoutException: Message: \nStacktrace:\n\tGetHandleVerifier [0x00007FF78E42EEB2+31554]\n\t(No symbol) [0x00007FF78E3A7EE9]\n\t(No symbol) [0x00007FF78E26872A]\n\t(No symbol) [0x00007FF78E2B8434]\n\t(No symbol) [0x00007FF78E2B853C]\n\t(No symbol) [0x00007FF78E2FF6A7]\n\t(No symbol) [0x00007FF78E2DD06F]\n\t(No symbol) [0x00007FF78E2FC977]\n\t(No symbol) [0x00007FF78E2DCDD3]\n\t(No symbol) [0x00007FF78E2AA33B]\n\t(No symbol) [0x00007FF78E2AAED1]\n\tGetHandleVerifier [0x00007FF78E738B2D+3217341]\n\tGetHandleVerifier [0x00007FF78E785AF3+3532675]\n\tGetHandleVerifier [0x00007FF78E77B0F0+3489152]\n\tGetHandleVerifier [0x00007FF78E4DE786+750614]\n\t(No symbol) [0x00007FF78E3B376F]\n\t(No symbol) [0x00007FF78E3AEB24]\n\t(No symbol) [0x00007FF78E3AECB2]\n\t(No symbol) [0x00007FF78E39E17F]\n\tBaseThreadInitThunk [0x00007FFF5AFA257D+29]\n\tRtlUserThreadStart [0x00007FFF5C6EAF28+40]\n\n", "trace": "  File \"C:\\Users\\Anastasia\\AppData\\Local\\Packages\\PythonSoftwareFoundation.Python.3.12_qbz5n2kfra8p0\\LocalCache\\local-packages\\Python312\\site-packages\\allure_commons\\_allure.py\", line 192, in impl\n    return func(*a, **kw)\n           ^^^^^^^^^^^^^^\n  File \"C:\\Users\\Anastasia\\PycharmProjects\\Diplom_3\\page_objects\\base_page.py\", line 34, in wait_visibility_of_element\n    return WebDriverWait(self.driver, 20).until(expected_conditions.visibility_of_element_located(locator))\n           ^^^^^^^^^^^^^^^^^^^^^^^^^^^^^^^^^^^^^^^^^^^^^^^^^^^^^^^^^^^^^^^^^^^^^^^^^^^^^^^^^^^^^^^^^^^^^^^^\n  File \"C:\\Users\\Anastasia\\AppData\\Local\\Packages\\PythonSoftwareFoundation.Python.3.12_qbz5n2kfra8p0\\LocalCache\\local-packages\\Python312\\site-packages\\selenium\\webdriver\\support\\wait.py\", line 105, in until\n    raise TimeoutException(message, screen, stacktrace)\n"}, "parameters": [{"name": "locator", "value": "('xpath', '//p[text()=\"Выполнено за все время:\"]/following-sibling::p')"}], "start": 1721313531908, "stop": 1721313552247}], "parameters": [{"name": "locator", "value": "('xpath', '//p[text()=\"Выполнено за все время:\"]/following-sibling::p')"}], "start": 1721313531908, "stop": 1721313552248}], "start": 1721313531908, "stop": 1721313552249}], "parameters": [{"name": "driver", "value": "'chrome'"}], "start": 1721313523945, "stop": 1721313552250, "uuid": "ced1925b-391b-4a9a-9ae7-f40eb71743b5", "historyId": "1e29fefb0f2cfb54e953d7fb8158866e", "testCaseId": "8226e1057074981658b879fec53f27f3", "fullName": "tests.test_lent_of_orders.TestLentOrders#test_create_new_order_order_counter_all_time_rise", "labels": [{"name": "parentSuite", "value": "tests"}, {"name": "suite", "value": "test_lent_of_orders"}, {"name": "subSuite", "value": "TestLentOrders"}, {"name": "host", "value": "Pro_Magnus_M"}, {"name": "thread", "value": "18024-MainThread"}, {"name": "framework", "value": "pytest"}, {"name": "language", "value": "cpython3"}, {"name": "package", "value": "tests.test_lent_of_orders"}]}