{"name": "Проверка: после оформления заказа его номер появляется в разделе \"В работе\"", "status": "broken", "statusDetails": {"message": "selenium.common.exceptions.TimeoutException: Message: \nStacktrace:\n\tGetHandleVerifier [0x00007FF7240DEEB2+31554]\n\t(No symbol) [0x00007FF724057EE9]\n\t(No symbol) [0x00007FF723F1872A]\n\t(No symbol) [0x00007FF723F68434]\n\t(No symbol) [0x00007FF723F6853C]\n\t(No symbol) [0x00007FF723FAF6A7]\n\t(No symbol) [0x00007FF723F8D06F]\n\t(No symbol) [0x00007FF723FAC977]\n\t(No symbol) [0x00007FF723F8CDD3]\n\t(No symbol) [0x00007FF723F5A33B]\n\t(No symbol) [0x00007FF723F5AED1]\n\tGetHandleVerifier [0x00007FF7243E8B2D+3217341]\n\tGetHandleVerifier [0x00007FF724435AF3+3532675]\n\tGetHandleVerifier [0x00007FF72442B0F0+3489152]\n\tGetHandleVerifier [0x00007FF72418E786+750614]\n\t(No symbol) [0x00007FF72406376F]\n\t(No symbol) [0x00007FF72405EB24]\n\t(No symbol) [0x00007FF72405ECB2]\n\t(No symbol) [0x00007FF72404E17F]\n\tBaseThreadInitThunk [0x00007FFF5AFA257D+29]\n\tRtlUserThreadStart [0x00007FFF5C6EAF28+40]", "trace": "self = <tests.test_lent_of_orders.TestLentOrders object at 0x0000029F3C44ECF0>, driver = <selenium.webdriver.chrome.webdriver.WebDriver (session=\"86eb75068dd3a5b2794f0d61e099f505\")>, set_token = None\n\n    @allure.title('Проверка: после оформления заказа его номер появляется в разделе \"В работе\"') #-+\n    def test_create_new_order_number_appear_in_progress(self, driver, set_token):\n        main_page = MainPage(driver)\n        food_page = FoodPage(driver)\n        main_page.click_enter_account_main_page()\n        main_page.drag_drop_ingredient_to_order()\n        main_page.click_button_make_order()\n        new_order = main_page.get_created_new_order_number()\n        main_page.click_on_button_close_order_fox()\n        main_page.click_lent_of_orders_fox()\n>       assert food_page.get_last_order_number_in_progress() == '0'+new_order\n\ntests\\test_lent_of_orders.py:74: \n_ _ _ _ _ _ _ _ _ _ _ _ _ _ _ _ _ _ _ _ _ _ _ _ _ _ _ _ _ _ _ _ _ _ _ _ _ _ _ _ _ _ _ _ _ _ _ _ _ _ _ _ _ _ _ _ _ _ _ _ _ _ _ _ _ _ _ _ _ _ _ _ _ _ _ _ _ _ _ _ _ _ _ _ _ _ _ _ _ _ _ _ _ _ _ _ _ _ _ _ _ _ _\npage_objects\\food_page.py:43: in get_last_order_number_in_progress\n    return self.get_text_from_element(FoodLocators.NUM_ORDER_IN_PROGRESS)\npage_objects\\base_page.py:38: in get_text_from_element\n    self.wait_visibility_of_element(locator)\npage_objects\\base_page.py:30: in wait_visibility_of_element\n    return WebDriverWait(self.driver, 20).until(expected_conditions.visibility_of_element_located(locator))\n_ _ _ _ _ _ _ _ _ _ _ _ _ _ _ _ _ _ _ _ _ _ _ _ _ _ _ _ _ _ _ _ _ _ _ _ _ _ _ _ _ _ _ _ _ _ _ _ _ _ _ _ _ _ _ _ _ _ _ _ _ _ _ _ _ _ _ _ _ _ _ _ _ _ _ _ _ _ _ _ _ _ _ _ _ _ _ _ _ _ _ _ _ _ _ _ _ _ _ _ _ _ _\n\nself = <selenium.webdriver.support.wait.WebDriverWait (session=\"86eb75068dd3a5b2794f0d61e099f505\")>, method = <function visibility_of_element_located.<locals>._predicate at 0x0000029F3C444D60>, message = ''\n\n    def until(self, method: Callable[[D], Union[Literal[False], T]], message: str = \"\") -> T:\n        \"\"\"Calls the method provided with the driver as an argument until the \\\n        return value does not evaluate to ``False``.\n    \n        :param method: callable(WebDriver)\n        :param message: optional message for :exc:`TimeoutException`\n        :returns: the result of the last call to `method`\n        :raises: :exc:`selenium.common.exceptions.TimeoutException` if timeout occurs\n        \"\"\"\n        screen = None\n        stacktrace = None\n    \n        end_time = time.monotonic() + self._timeout\n        while True:\n            try:\n                value = method(self._driver)\n                if value:\n                    return value\n            except self._ignored_exceptions as exc:\n                screen = getattr(exc, \"screen\", None)\n                stacktrace = getattr(exc, \"stacktrace\", None)\n            time.sleep(self._poll)\n            if time.monotonic() > end_time:\n                break\n>       raise TimeoutException(message, screen, stacktrace)\nE       selenium.common.exceptions.TimeoutException: Message: \nE       Stacktrace:\nE       \tGetHandleVerifier [0x00007FF7240DEEB2+31554]\nE       \t(No symbol) [0x00007FF724057EE9]\nE       \t(No symbol) [0x00007FF723F1872A]\nE       \t(No symbol) [0x00007FF723F68434]\nE       \t(No symbol) [0x00007FF723F6853C]\nE       \t(No symbol) [0x00007FF723FAF6A7]\nE       \t(No symbol) [0x00007FF723F8D06F]\nE       \t(No symbol) [0x00007FF723FAC977]\nE       \t(No symbol) [0x00007FF723F8CDD3]\nE       \t(No symbol) [0x00007FF723F5A33B]\nE       \t(No symbol) [0x00007FF723F5AED1]\nE       \tGetHandleVerifier [0x00007FF7243E8B2D+3217341]\nE       \tGetHandleVerifier [0x00007FF724435AF3+3532675]\nE       \tGetHandleVerifier [0x00007FF72442B0F0+3489152]\nE       \tGetHandleVerifier [0x00007FF72418E786+750614]\nE       \t(No symbol) [0x00007FF72406376F]\nE       \t(No symbol) [0x00007FF72405EB24]\nE       \t(No symbol) [0x00007FF72405ECB2]\nE       \t(No symbol) [0x00007FF72404E17F]\nE       \tBaseThreadInitThunk [0x00007FFF5AFA257D+29]\nE       \tRtlUserThreadStart [0x00007FFF5C6EAF28+40]\n\n..\\..\\AppData\\Local\\Packages\\PythonSoftwareFoundation.Python.3.12_qbz5n2kfra8p0\\LocalCache\\local-packages\\Python312\\site-packages\\selenium\\webdriver\\support\\wait.py:105: TimeoutException"}, "steps": [{"name": "Клик по кнопке \"Войти в аккаунт\" на гл странице, для мозилы", "status": "passed", "start": 1721227646945, "stop": 1721227647267}, {"name": "Перетащить ингредиент", "status": "passed", "steps": [{"name": "Найти элемент на странице", "status": "passed", "steps": [{"name": "Прогрузка элемента", "status": "passed", "parameters": [{"name": "locator", "value": "('xpath', './/*[@alt=\"Флюоресцентная булка R2-D3\"]')"}], "start": 1721227647267, "stop": 1721227647793}], "parameters": [{"name": "locator", "value": "('xpath', './/*[@alt=\"Флюоресцентная булка R2-D3\"]')"}], "start": 1721227647267, "stop": 1721227647798}, {"name": "Найти элемент на странице", "status": "passed", "steps": [{"name": "Прогрузка элемента", "status": "passed", "parameters": [{"name": "locator", "value": "('xpath', '//section[contains(@class, \"BurgerConstructor_basket\")]')"}], "start": 1721227647798, "stop": 1721227647811}], "parameters": [{"name": "locator", "value": "('xpath', '//section[contains(@class, \"BurgerConstructor_basket\")]')"}], "start": 1721227647798, "stop": 1721227647815}, {"name": "Перетащить элемент", "status": "passed", "parameters": [{"name": "source_element", "value": "<selenium.webdriver.remote.webelement.WebElement (session=\"86eb75068dd3a5b2794f0d61e099f505\", element=\"f.C7C62C54B0866A0281738ADEA99ED4F9.d.A92FD91C3928401003F3E51103613A36.e.66\")>"}, {"name": "target_element", "value": "<selenium.webdriver.remote.webelement.WebElement (session=\"86eb75068dd3a5b2794f0d61e099f505\", element=\"f.C7C62C54B0866A0281738ADEA99ED4F9.d.A92FD91C3928401003F3E51103613A36.e.67\")>"}], "start": 1721227647815, "stop": 1721227653381}], "start": 1721227647267, "stop": 1721227653381}, {"name": "Кликнуть на кнопку \"Оформить заказ\"", "status": "passed", "steps": [{"name": "Прогрузка элемента", "status": "passed", "parameters": [{"name": "locator", "value": "('class name', 'button_button__33qZ0')"}], "start": 1721227653381, "stop": 1721227653396}, {"name": "Клик по элементу", "status": "passed", "parameters": [{"name": "locator", "value": "('class name', 'button_button__33qZ0')"}], "start": 1721227653397, "stop": 1721227653429}], "start": 1721227653381, "stop": 1721227653429}, {"name": "Получить номер созданного заказа", "status": "passed", "steps": [{"name": "Ожидание изменения номера заказа", "status": "passed", "parameters": [{"name": "locator", "value": "('xpath', '//section[contains(@class, \"Modal_modal_opened\")]//h2')"}, {"name": "value", "value": "'99999'"}], "start": 1721227653429, "stop": 1721227653452}, {"name": "Получить текст элемента", "status": "passed", "steps": [{"name": "Прогрузка элемента", "status": "passed", "parameters": [{"name": "locator", "value": "('xpath', '//section[contains(@class, \"Modal_modal_opened\")]//h2')"}], "start": 1721227653452, "stop": 1721227653464}], "parameters": [{"name": "locator", "value": "('xpath', '//section[contains(@class, \"Modal_modal_opened\")]//h2')"}], "start": 1721227653452, "stop": 1721227653475}], "start": 1721227653429, "stop": 1721227653475}, {"name": "Клик - закрыть окно заказа Mozila", "status": "passed", "start": 1721227653476, "stop": 1721227653834}, {"name": "Клик по ленте заказов для Мозилы", "status": "passed", "start": 1721227653834, "stop": 1721227654131}, {"name": "Получить номер заказа \"В работе\"", "status": "broken", "statusDetails": {"message": "selenium.common.exceptions.TimeoutException: Message: \nStacktrace:\n\tGetHandleVerifier [0x00007FF7240DEEB2+31554]\n\t(No symbol) [0x00007FF724057EE9]\n\t(No symbol) [0x00007FF723F1872A]\n\t(No symbol) [0x00007FF723F68434]\n\t(No symbol) [0x00007FF723F6853C]\n\t(No symbol) [0x00007FF723FAF6A7]\n\t(No symbol) [0x00007FF723F8D06F]\n\t(No symbol) [0x00007FF723FAC977]\n\t(No symbol) [0x00007FF723F8CDD3]\n\t(No symbol) [0x00007FF723F5A33B]\n\t(No symbol) [0x00007FF723F5AED1]\n\tGetHandleVerifier [0x00007FF7243E8B2D+3217341]\n\tGetHandleVerifier [0x00007FF724435AF3+3532675]\n\tGetHandleVerifier [0x00007FF72442B0F0+3489152]\n\tGetHandleVerifier [0x00007FF72418E786+750614]\n\t(No symbol) [0x00007FF72406376F]\n\t(No symbol) [0x00007FF72405EB24]\n\t(No symbol) [0x00007FF72405ECB2]\n\t(No symbol) [0x00007FF72404E17F]\n\tBaseThreadInitThunk [0x00007FFF5AFA257D+29]\n\tRtlUserThreadStart [0x00007FFF5C6EAF28+40]\n\n", "trace": "  File \"C:\\Users\\Anastasia\\AppData\\Local\\Packages\\PythonSoftwareFoundation.Python.3.12_qbz5n2kfra8p0\\LocalCache\\local-packages\\Python312\\site-packages\\allure_commons\\_allure.py\", line 192, in impl\n    return func(*a, **kw)\n           ^^^^^^^^^^^^^^\n  File \"C:\\Users\\Anastasia\\PycharmProjects\\Diplom_3\\page_objects\\food_page.py\", line 43, in get_last_order_number_in_progress\n    return self.get_text_from_element(FoodLocators.NUM_ORDER_IN_PROGRESS)\n           ^^^^^^^^^^^^^^^^^^^^^^^^^^^^^^^^^^^^^^^^^^^^^^^^^^^^^^^^^^^^^^\n  File \"C:\\Users\\Anastasia\\AppData\\Local\\Packages\\PythonSoftwareFoundation.Python.3.12_qbz5n2kfra8p0\\LocalCache\\local-packages\\Python312\\site-packages\\allure_commons\\_allure.py\", line 192, in impl\n    return func(*a, **kw)\n           ^^^^^^^^^^^^^^\n  File \"C:\\Users\\Anastasia\\PycharmProjects\\Diplom_3\\page_objects\\base_page.py\", line 38, in get_text_from_element\n    self.wait_visibility_of_element(locator)\n  File \"C:\\Users\\Anastasia\\AppData\\Local\\Packages\\PythonSoftwareFoundation.Python.3.12_qbz5n2kfra8p0\\LocalCache\\local-packages\\Python312\\site-packages\\allure_commons\\_allure.py\", line 192, in impl\n    return func(*a, **kw)\n           ^^^^^^^^^^^^^^\n  File \"C:\\Users\\Anastasia\\PycharmProjects\\Diplom_3\\page_objects\\base_page.py\", line 30, in wait_visibility_of_element\n    return WebDriverWait(self.driver, 20).until(expected_conditions.visibility_of_element_located(locator))\n           ^^^^^^^^^^^^^^^^^^^^^^^^^^^^^^^^^^^^^^^^^^^^^^^^^^^^^^^^^^^^^^^^^^^^^^^^^^^^^^^^^^^^^^^^^^^^^^^^\n  File \"C:\\Users\\Anastasia\\AppData\\Local\\Packages\\PythonSoftwareFoundation.Python.3.12_qbz5n2kfra8p0\\LocalCache\\local-packages\\Python312\\site-packages\\selenium\\webdriver\\support\\wait.py\", line 105, in until\n    raise TimeoutException(message, screen, stacktrace)\n"}, "steps": [{"name": "Получить текст элемента", "status": "broken", "statusDetails": {"message": "selenium.common.exceptions.TimeoutException: Message: \nStacktrace:\n\tGetHandleVerifier [0x00007FF7240DEEB2+31554]\n\t(No symbol) [0x00007FF724057EE9]\n\t(No symbol) [0x00007FF723F1872A]\n\t(No symbol) [0x00007FF723F68434]\n\t(No symbol) [0x00007FF723F6853C]\n\t(No symbol) [0x00007FF723FAF6A7]\n\t(No symbol) [0x00007FF723F8D06F]\n\t(No symbol) [0x00007FF723FAC977]\n\t(No symbol) [0x00007FF723F8CDD3]\n\t(No symbol) [0x00007FF723F5A33B]\n\t(No symbol) [0x00007FF723F5AED1]\n\tGetHandleVerifier [0x00007FF7243E8B2D+3217341]\n\tGetHandleVerifier [0x00007FF724435AF3+3532675]\n\tGetHandleVerifier [0x00007FF72442B0F0+3489152]\n\tGetHandleVerifier [0x00007FF72418E786+750614]\n\t(No symbol) [0x00007FF72406376F]\n\t(No symbol) [0x00007FF72405EB24]\n\t(No symbol) [0x00007FF72405ECB2]\n\t(No symbol) [0x00007FF72404E17F]\n\tBaseThreadInitThunk [0x00007FFF5AFA257D+29]\n\tRtlUserThreadStart [0x00007FFF5C6EAF28+40]\n\n", "trace": "  File \"C:\\Users\\Anastasia\\AppData\\Local\\Packages\\PythonSoftwareFoundation.Python.3.12_qbz5n2kfra8p0\\LocalCache\\local-packages\\Python312\\site-packages\\allure_commons\\_allure.py\", line 192, in impl\n    return func(*a, **kw)\n           ^^^^^^^^^^^^^^\n  File \"C:\\Users\\Anastasia\\PycharmProjects\\Diplom_3\\page_objects\\base_page.py\", line 38, in get_text_from_element\n    self.wait_visibility_of_element(locator)\n  File \"C:\\Users\\Anastasia\\AppData\\Local\\Packages\\PythonSoftwareFoundation.Python.3.12_qbz5n2kfra8p0\\LocalCache\\local-packages\\Python312\\site-packages\\allure_commons\\_allure.py\", line 192, in impl\n    return func(*a, **kw)\n           ^^^^^^^^^^^^^^\n  File \"C:\\Users\\Anastasia\\PycharmProjects\\Diplom_3\\page_objects\\base_page.py\", line 30, in wait_visibility_of_element\n    return WebDriverWait(self.driver, 20).until(expected_conditions.visibility_of_element_located(locator))\n           ^^^^^^^^^^^^^^^^^^^^^^^^^^^^^^^^^^^^^^^^^^^^^^^^^^^^^^^^^^^^^^^^^^^^^^^^^^^^^^^^^^^^^^^^^^^^^^^^\n  File \"C:\\Users\\Anastasia\\AppData\\Local\\Packages\\PythonSoftwareFoundation.Python.3.12_qbz5n2kfra8p0\\LocalCache\\local-packages\\Python312\\site-packages\\selenium\\webdriver\\support\\wait.py\", line 105, in until\n    raise TimeoutException(message, screen, stacktrace)\n"}, "steps": [{"name": "Прогрузка элемента", "status": "broken", "statusDetails": {"message": "selenium.common.exceptions.TimeoutException: Message: \nStacktrace:\n\tGetHandleVerifier [0x00007FF7240DEEB2+31554]\n\t(No symbol) [0x00007FF724057EE9]\n\t(No symbol) [0x00007FF723F1872A]\n\t(No symbol) [0x00007FF723F68434]\n\t(No symbol) [0x00007FF723F6853C]\n\t(No symbol) [0x00007FF723FAF6A7]\n\t(No symbol) [0x00007FF723F8D06F]\n\t(No symbol) [0x00007FF723FAC977]\n\t(No symbol) [0x00007FF723F8CDD3]\n\t(No symbol) [0x00007FF723F5A33B]\n\t(No symbol) [0x00007FF723F5AED1]\n\tGetHandleVerifier [0x00007FF7243E8B2D+3217341]\n\tGetHandleVerifier [0x00007FF724435AF3+3532675]\n\tGetHandleVerifier [0x00007FF72442B0F0+3489152]\n\tGetHandleVerifier [0x00007FF72418E786+750614]\n\t(No symbol) [0x00007FF72406376F]\n\t(No symbol) [0x00007FF72405EB24]\n\t(No symbol) [0x00007FF72405ECB2]\n\t(No symbol) [0x00007FF72404E17F]\n\tBaseThreadInitThunk [0x00007FFF5AFA257D+29]\n\tRtlUserThreadStart [0x00007FFF5C6EAF28+40]\n\n", "trace": "  File \"C:\\Users\\Anastasia\\AppData\\Local\\Packages\\PythonSoftwareFoundation.Python.3.12_qbz5n2kfra8p0\\LocalCache\\local-packages\\Python312\\site-packages\\allure_commons\\_allure.py\", line 192, in impl\n    return func(*a, **kw)\n           ^^^^^^^^^^^^^^\n  File \"C:\\Users\\Anastasia\\PycharmProjects\\Diplom_3\\page_objects\\base_page.py\", line 30, in wait_visibility_of_element\n    return WebDriverWait(self.driver, 20).until(expected_conditions.visibility_of_element_located(locator))\n           ^^^^^^^^^^^^^^^^^^^^^^^^^^^^^^^^^^^^^^^^^^^^^^^^^^^^^^^^^^^^^^^^^^^^^^^^^^^^^^^^^^^^^^^^^^^^^^^^\n  File \"C:\\Users\\Anastasia\\AppData\\Local\\Packages\\PythonSoftwareFoundation.Python.3.12_qbz5n2kfra8p0\\LocalCache\\local-packages\\Python312\\site-packages\\selenium\\webdriver\\support\\wait.py\", line 105, in until\n    raise TimeoutException(message, screen, stacktrace)\n"}, "parameters": [{"name": "locator", "value": "('xpath', '//ul[contains(@class, \"OrderFeed_orderListReady\")]/li[contains(@class, \"text_type_digits-default\")]')"}], "start": 1721227654131, "stop": 1721227674444}], "parameters": [{"name": "locator", "value": "('xpath', '//ul[contains(@class, \"OrderFeed_orderListReady\")]/li[contains(@class, \"text_type_digits-default\")]')"}], "start": 1721227654131, "stop": 1721227674444}], "start": 1721227654131, "stop": 1721227674445}], "parameters": [{"name": "driver", "value": "'chrome'"}], "start": 1721227646945, "stop": 1721227674446, "uuid": "a32572fc-cabe-46c4-bcdb-36e27119a532", "historyId": "855cf6b1f8f8da2de436e31011311415", "testCaseId": "c7f6ea828292b1828ecfbf1909365a35", "fullName": "tests.test_lent_of_orders.TestLentOrders#test_create_new_order_number_appear_in_progress", "labels": [{"name": "parentSuite", "value": "tests"}, {"name": "suite", "value": "test_lent_of_orders"}, {"name": "subSuite", "value": "TestLentOrders"}, {"name": "host", "value": "Pro_Magnus_M"}, {"name": "thread", "value": "8660-MainThread"}, {"name": "framework", "value": "pytest"}, {"name": "language", "value": "cpython3"}, {"name": "package", "value": "tests.test_lent_of_orders"}]}