{"name": "Проверка: после оформления заказа его номер появляется в разделе \"В работе\"", "status": "broken", "statusDetails": {"message": "selenium.common.exceptions.TimeoutException: Message: \nStacktrace:\n\tGetHandleVerifier [0x00007FF78E42EEB2+31554]\n\t(No symbol) [0x00007FF78E3A7EE9]\n\t(No symbol) [0x00007FF78E26872A]\n\t(No symbol) [0x00007FF78E2B8434]\n\t(No symbol) [0x00007FF78E2B853C]\n\t(No symbol) [0x00007FF78E2FF6A7]\n\t(No symbol) [0x00007FF78E2DD06F]\n\t(No symbol) [0x00007FF78E2FC977]\n\t(No symbol) [0x00007FF78E2DCDD3]\n\t(No symbol) [0x00007FF78E2AA33B]\n\t(No symbol) [0x00007FF78E2AAED1]\n\tGetHandleVerifier [0x00007FF78E738B2D+3217341]\n\tGetHandleVerifier [0x00007FF78E785AF3+3532675]\n\tGetHandleVerifier [0x00007FF78E77B0F0+3489152]\n\tGetHandleVerifier [0x00007FF78E4DE786+750614]\n\t(No symbol) [0x00007FF78E3B376F]\n\t(No symbol) [0x00007FF78E3AEB24]\n\t(No symbol) [0x00007FF78E3AECB2]\n\t(No symbol) [0x00007FF78E39E17F]\n\tBaseThreadInitThunk [0x00007FFF5AFA257D+29]\n\tRtlUserThreadStart [0x00007FFF5C6EAF28+40]", "trace": "self = <tests.test_lent_of_orders.TestLentOrders object at 0x0000024FADE4F4A0>, driver = <selenium.webdriver.chrome.webdriver.WebDriver (session=\"989033a105a0110ad5efc105ebdc380a\")>, set_token = None\n\n    @allure.title('Проверка: после оформления заказа его номер появляется в разделе \"В работе\"')\n    def test_create_new_order_number_appear_in_progress(self, driver, set_token):\n        main_page = MainPage(driver)\n        food_page = FoodPage(driver)\n        main_page.click_enter_account_main_page()\n        main_page.drag_drop_ingredient_to_order()\n        main_page.click_button_make_order()\n        new_order = main_page.get_created_new_order_number()\n        main_page.click_on_button_close_order_fox()\n        main_page.click_lent_of_orders_fox()\n>       assert food_page.get_last_order_number_in_progress() == '0'+new_order\n\ntests\\test_lent_of_orders.py:71: \n_ _ _ _ _ _ _ _ _ _ _ _ _ _ _ _ _ _ _ _ _ _ _ _ _ _ _ _ _ _ _ _ _ _ _ _ _ _ _ _ _ _ _ _ _ _ _ _ _ _ _ _ _ _ _ _ _ _ _ _ _ _ _ _ _ _ _ _ _ _ _ _ _ _ _ _ _ _ _ _ _ _ _ _ _ _ _ _ _ _ _ _ _ _ _ _ _ _ _ _ _ _ _\npage_objects\\food_page.py:39: in get_last_order_number_in_progress\n    return self.get_text_from_element(FoodLocators.NUM_ORDER_IN_PROGRESS)\npage_objects\\base_page.py:42: in get_text_from_element\n    self.wait_visibility_of_element(locator)\npage_objects\\base_page.py:34: in wait_visibility_of_element\n    return WebDriverWait(self.driver, 20).until(expected_conditions.visibility_of_element_located(locator))\n_ _ _ _ _ _ _ _ _ _ _ _ _ _ _ _ _ _ _ _ _ _ _ _ _ _ _ _ _ _ _ _ _ _ _ _ _ _ _ _ _ _ _ _ _ _ _ _ _ _ _ _ _ _ _ _ _ _ _ _ _ _ _ _ _ _ _ _ _ _ _ _ _ _ _ _ _ _ _ _ _ _ _ _ _ _ _ _ _ _ _ _ _ _ _ _ _ _ _ _ _ _ _\n\nself = <selenium.webdriver.support.wait.WebDriverWait (session=\"989033a105a0110ad5efc105ebdc380a\")>, method = <function visibility_of_element_located.<locals>._predicate at 0x0000024FADE76D40>, message = ''\n\n    def until(self, method: Callable[[D], Union[Literal[False], T]], message: str = \"\") -> T:\n        \"\"\"Calls the method provided with the driver as an argument until the \\\n        return value does not evaluate to ``False``.\n    \n        :param method: callable(WebDriver)\n        :param message: optional message for :exc:`TimeoutException`\n        :returns: the result of the last call to `method`\n        :raises: :exc:`selenium.common.exceptions.TimeoutException` if timeout occurs\n        \"\"\"\n        screen = None\n        stacktrace = None\n    \n        end_time = time.monotonic() + self._timeout\n        while True:\n            try:\n                value = method(self._driver)\n                if value:\n                    return value\n            except self._ignored_exceptions as exc:\n                screen = getattr(exc, \"screen\", None)\n                stacktrace = getattr(exc, \"stacktrace\", None)\n            time.sleep(self._poll)\n            if time.monotonic() > end_time:\n                break\n>       raise TimeoutException(message, screen, stacktrace)\nE       selenium.common.exceptions.TimeoutException: Message: \nE       Stacktrace:\nE       \tGetHandleVerifier [0x00007FF78E42EEB2+31554]\nE       \t(No symbol) [0x00007FF78E3A7EE9]\nE       \t(No symbol) [0x00007FF78E26872A]\nE       \t(No symbol) [0x00007FF78E2B8434]\nE       \t(No symbol) [0x00007FF78E2B853C]\nE       \t(No symbol) [0x00007FF78E2FF6A7]\nE       \t(No symbol) [0x00007FF78E2DD06F]\nE       \t(No symbol) [0x00007FF78E2FC977]\nE       \t(No symbol) [0x00007FF78E2DCDD3]\nE       \t(No symbol) [0x00007FF78E2AA33B]\nE       \t(No symbol) [0x00007FF78E2AAED1]\nE       \tGetHandleVerifier [0x00007FF78E738B2D+3217341]\nE       \tGetHandleVerifier [0x00007FF78E785AF3+3532675]\nE       \tGetHandleVerifier [0x00007FF78E77B0F0+3489152]\nE       \tGetHandleVerifier [0x00007FF78E4DE786+750614]\nE       \t(No symbol) [0x00007FF78E3B376F]\nE       \t(No symbol) [0x00007FF78E3AEB24]\nE       \t(No symbol) [0x00007FF78E3AECB2]\nE       \t(No symbol) [0x00007FF78E39E17F]\nE       \tBaseThreadInitThunk [0x00007FFF5AFA257D+29]\nE       \tRtlUserThreadStart [0x00007FFF5C6EAF28+40]\n\n..\\..\\AppData\\Local\\Packages\\PythonSoftwareFoundation.Python.3.12_qbz5n2kfra8p0\\LocalCache\\local-packages\\Python312\\site-packages\\selenium\\webdriver\\support\\wait.py:105: TimeoutException"}, "steps": [{"name": "Клик по кнопке \"Войти в аккаунт\" на гл странице, для мозилы", "status": "passed", "start": 1721310205804, "stop": 1721310206116}, {"name": "Перетащить ингредиент", "status": "passed", "steps": [{"name": "Найти элемент на странице", "status": "passed", "steps": [{"name": "Прогрузка элемента", "status": "passed", "parameters": [{"name": "locator", "value": "('xpath', './/*[@alt=\"Флюоресцентная булка R2-D3\"]')"}], "start": 1721310206116, "stop": 1721310206642}], "parameters": [{"name": "locator", "value": "('xpath', './/*[@alt=\"Флюоресцентная булка R2-D3\"]')"}], "start": 1721310206116, "stop": 1721310206649}, {"name": "Найти элемент на странице", "status": "passed", "steps": [{"name": "Прогрузка элемента", "status": "passed", "parameters": [{"name": "locator", "value": "('xpath', '//section[contains(@class, \"BurgerConstructor_basket\")]')"}], "start": 1721310206649, "stop": 1721310206660}], "parameters": [{"name": "locator", "value": "('xpath', '//section[contains(@class, \"BurgerConstructor_basket\")]')"}], "start": 1721310206649, "stop": 1721310206666}, {"name": "Перетащить элемент", "status": "passed", "parameters": [{"name": "source_element", "value": "<selenium.webdriver.remote.webelement.WebElement (session=\"989033a105a0110ad5efc105ebdc380a\", element=\"f.D384AE27CCFF0331F719E0513271FCD7.d.E6F3E2C100ECF41831FFBC921D4C59A3.e.68\")>"}, {"name": "target_element", "value": "<selenium.webdriver.remote.webelement.WebElement (session=\"989033a105a0110ad5efc105ebdc380a\", element=\"f.D384AE27CCFF0331F719E0513271FCD7.d.E6F3E2C100ECF41831FFBC921D4C59A3.e.72\")>"}], "start": 1721310206666, "stop": 1721310212226}], "start": 1721310206116, "stop": 1721310212226}, {"name": "Кликнуть на кнопку \"Оформить заказ\"", "status": "passed", "steps": [{"name": "Прогрузка элемента", "status": "passed", "parameters": [{"name": "locator", "value": "('class name', 'button_button__33qZ0')"}], "start": 1721310212226, "stop": 1721310212242}, {"name": "Клик по элементу", "status": "passed", "parameters": [{"name": "locator", "value": "('class name', 'button_button__33qZ0')"}], "start": 1721310212242, "stop": 1721310212273}], "start": 1721310212226, "stop": 1721310212273}, {"name": "Получить номер созданного заказа", "status": "passed", "steps": [{"name": "Ожидание изменения номера заказа", "status": "passed", "parameters": [{"name": "locator", "value": "('xpath', '//section[contains(@class, \"Modal_modal_opened\")]//h2')"}, {"name": "value", "value": "'99999'"}], "start": 1721310212274, "stop": 1721310212294}, {"name": "Получить текст элемента", "status": "passed", "steps": [{"name": "Прогрузка элемента", "status": "passed", "parameters": [{"name": "locator", "value": "('xpath', '//section[contains(@class, \"Modal_modal_opened\")]//h2')"}], "start": 1721310212295, "stop": 1721310212305}], "parameters": [{"name": "locator", "value": "('xpath', '//section[contains(@class, \"Modal_modal_opened\")]//h2')"}], "start": 1721310212294, "stop": 1721310212316}], "start": 1721310212274, "stop": 1721310212316}, {"name": "Клик - закрыть окно заказа Mozila", "status": "passed", "start": 1721310212317, "stop": 1721310212606}, {"name": "Клик по ленте заказов для Мозилы", "status": "passed", "start": 1721310212606, "stop": 1721310212903}, {"name": "Получить номер заказа \"В работе\"", "status": "broken", "statusDetails": {"message": "selenium.common.exceptions.TimeoutException: Message: \nStacktrace:\n\tGetHandleVerifier [0x00007FF78E42EEB2+31554]\n\t(No symbol) [0x00007FF78E3A7EE9]\n\t(No symbol) [0x00007FF78E26872A]\n\t(No symbol) [0x00007FF78E2B8434]\n\t(No symbol) [0x00007FF78E2B853C]\n\t(No symbol) [0x00007FF78E2FF6A7]\n\t(No symbol) [0x00007FF78E2DD06F]\n\t(No symbol) [0x00007FF78E2FC977]\n\t(No symbol) [0x00007FF78E2DCDD3]\n\t(No symbol) [0x00007FF78E2AA33B]\n\t(No symbol) [0x00007FF78E2AAED1]\n\tGetHandleVerifier [0x00007FF78E738B2D+3217341]\n\tGetHandleVerifier [0x00007FF78E785AF3+3532675]\n\tGetHandleVerifier [0x00007FF78E77B0F0+3489152]\n\tGetHandleVerifier [0x00007FF78E4DE786+750614]\n\t(No symbol) [0x00007FF78E3B376F]\n\t(No symbol) [0x00007FF78E3AEB24]\n\t(No symbol) [0x00007FF78E3AECB2]\n\t(No symbol) [0x00007FF78E39E17F]\n\tBaseThreadInitThunk [0x00007FFF5AFA257D+29]\n\tRtlUserThreadStart [0x00007FFF5C6EAF28+40]\n\n", "trace": "  File \"C:\\Users\\Anastasia\\AppData\\Local\\Packages\\PythonSoftwareFoundation.Python.3.12_qbz5n2kfra8p0\\LocalCache\\local-packages\\Python312\\site-packages\\allure_commons\\_allure.py\", line 192, in impl\n    return func(*a, **kw)\n           ^^^^^^^^^^^^^^\n  File \"C:\\Users\\Anastasia\\PycharmProjects\\Diplom_3\\page_objects\\food_page.py\", line 39, in get_last_order_number_in_progress\n    return self.get_text_from_element(FoodLocators.NUM_ORDER_IN_PROGRESS)\n           ^^^^^^^^^^^^^^^^^^^^^^^^^^^^^^^^^^^^^^^^^^^^^^^^^^^^^^^^^^^^^^\n  File \"C:\\Users\\Anastasia\\AppData\\Local\\Packages\\PythonSoftwareFoundation.Python.3.12_qbz5n2kfra8p0\\LocalCache\\local-packages\\Python312\\site-packages\\allure_commons\\_allure.py\", line 192, in impl\n    return func(*a, **kw)\n           ^^^^^^^^^^^^^^\n  File \"C:\\Users\\Anastasia\\PycharmProjects\\Diplom_3\\page_objects\\base_page.py\", line 42, in get_text_from_element\n    self.wait_visibility_of_element(locator)\n  File \"C:\\Users\\Anastasia\\AppData\\Local\\Packages\\PythonSoftwareFoundation.Python.3.12_qbz5n2kfra8p0\\LocalCache\\local-packages\\Python312\\site-packages\\allure_commons\\_allure.py\", line 192, in impl\n    return func(*a, **kw)\n           ^^^^^^^^^^^^^^\n  File \"C:\\Users\\Anastasia\\PycharmProjects\\Diplom_3\\page_objects\\base_page.py\", line 34, in wait_visibility_of_element\n    return WebDriverWait(self.driver, 20).until(expected_conditions.visibility_of_element_located(locator))\n           ^^^^^^^^^^^^^^^^^^^^^^^^^^^^^^^^^^^^^^^^^^^^^^^^^^^^^^^^^^^^^^^^^^^^^^^^^^^^^^^^^^^^^^^^^^^^^^^^\n  File \"C:\\Users\\Anastasia\\AppData\\Local\\Packages\\PythonSoftwareFoundation.Python.3.12_qbz5n2kfra8p0\\LocalCache\\local-packages\\Python312\\site-packages\\selenium\\webdriver\\support\\wait.py\", line 105, in until\n    raise TimeoutException(message, screen, stacktrace)\n"}, "steps": [{"name": "Получить текст элемента", "status": "broken", "statusDetails": {"message": "selenium.common.exceptions.TimeoutException: Message: \nStacktrace:\n\tGetHandleVerifier [0x00007FF78E42EEB2+31554]\n\t(No symbol) [0x00007FF78E3A7EE9]\n\t(No symbol) [0x00007FF78E26872A]\n\t(No symbol) [0x00007FF78E2B8434]\n\t(No symbol) [0x00007FF78E2B853C]\n\t(No symbol) [0x00007FF78E2FF6A7]\n\t(No symbol) [0x00007FF78E2DD06F]\n\t(No symbol) [0x00007FF78E2FC977]\n\t(No symbol) [0x00007FF78E2DCDD3]\n\t(No symbol) [0x00007FF78E2AA33B]\n\t(No symbol) [0x00007FF78E2AAED1]\n\tGetHandleVerifier [0x00007FF78E738B2D+3217341]\n\tGetHandleVerifier [0x00007FF78E785AF3+3532675]\n\tGetHandleVerifier [0x00007FF78E77B0F0+3489152]\n\tGetHandleVerifier [0x00007FF78E4DE786+750614]\n\t(No symbol) [0x00007FF78E3B376F]\n\t(No symbol) [0x00007FF78E3AEB24]\n\t(No symbol) [0x00007FF78E3AECB2]\n\t(No symbol) [0x00007FF78E39E17F]\n\tBaseThreadInitThunk [0x00007FFF5AFA257D+29]\n\tRtlUserThreadStart [0x00007FFF5C6EAF28+40]\n\n", "trace": "  File \"C:\\Users\\Anastasia\\AppData\\Local\\Packages\\PythonSoftwareFoundation.Python.3.12_qbz5n2kfra8p0\\LocalCache\\local-packages\\Python312\\site-packages\\allure_commons\\_allure.py\", line 192, in impl\n    return func(*a, **kw)\n           ^^^^^^^^^^^^^^\n  File \"C:\\Users\\Anastasia\\PycharmProjects\\Diplom_3\\page_objects\\base_page.py\", line 42, in get_text_from_element\n    self.wait_visibility_of_element(locator)\n  File \"C:\\Users\\Anastasia\\AppData\\Local\\Packages\\PythonSoftwareFoundation.Python.3.12_qbz5n2kfra8p0\\LocalCache\\local-packages\\Python312\\site-packages\\allure_commons\\_allure.py\", line 192, in impl\n    return func(*a, **kw)\n           ^^^^^^^^^^^^^^\n  File \"C:\\Users\\Anastasia\\PycharmProjects\\Diplom_3\\page_objects\\base_page.py\", line 34, in wait_visibility_of_element\n    return WebDriverWait(self.driver, 20).until(expected_conditions.visibility_of_element_located(locator))\n           ^^^^^^^^^^^^^^^^^^^^^^^^^^^^^^^^^^^^^^^^^^^^^^^^^^^^^^^^^^^^^^^^^^^^^^^^^^^^^^^^^^^^^^^^^^^^^^^^\n  File \"C:\\Users\\Anastasia\\AppData\\Local\\Packages\\PythonSoftwareFoundation.Python.3.12_qbz5n2kfra8p0\\LocalCache\\local-packages\\Python312\\site-packages\\selenium\\webdriver\\support\\wait.py\", line 105, in until\n    raise TimeoutException(message, screen, stacktrace)\n"}, "steps": [{"name": "Прогрузка элемента", "status": "broken", "statusDetails": {"message": "selenium.common.exceptions.TimeoutException: Message: \nStacktrace:\n\tGetHandleVerifier [0x00007FF78E42EEB2+31554]\n\t(No symbol) [0x00007FF78E3A7EE9]\n\t(No symbol) [0x00007FF78E26872A]\n\t(No symbol) [0x00007FF78E2B8434]\n\t(No symbol) [0x00007FF78E2B853C]\n\t(No symbol) [0x00007FF78E2FF6A7]\n\t(No symbol) [0x00007FF78E2DD06F]\n\t(No symbol) [0x00007FF78E2FC977]\n\t(No symbol) [0x00007FF78E2DCDD3]\n\t(No symbol) [0x00007FF78E2AA33B]\n\t(No symbol) [0x00007FF78E2AAED1]\n\tGetHandleVerifier [0x00007FF78E738B2D+3217341]\n\tGetHandleVerifier [0x00007FF78E785AF3+3532675]\n\tGetHandleVerifier [0x00007FF78E77B0F0+3489152]\n\tGetHandleVerifier [0x00007FF78E4DE786+750614]\n\t(No symbol) [0x00007FF78E3B376F]\n\t(No symbol) [0x00007FF78E3AEB24]\n\t(No symbol) [0x00007FF78E3AECB2]\n\t(No symbol) [0x00007FF78E39E17F]\n\tBaseThreadInitThunk [0x00007FFF5AFA257D+29]\n\tRtlUserThreadStart [0x00007FFF5C6EAF28+40]\n\n", "trace": "  File \"C:\\Users\\Anastasia\\AppData\\Local\\Packages\\PythonSoftwareFoundation.Python.3.12_qbz5n2kfra8p0\\LocalCache\\local-packages\\Python312\\site-packages\\allure_commons\\_allure.py\", line 192, in impl\n    return func(*a, **kw)\n           ^^^^^^^^^^^^^^\n  File \"C:\\Users\\Anastasia\\PycharmProjects\\Diplom_3\\page_objects\\base_page.py\", line 34, in wait_visibility_of_element\n    return WebDriverWait(self.driver, 20).until(expected_conditions.visibility_of_element_located(locator))\n           ^^^^^^^^^^^^^^^^^^^^^^^^^^^^^^^^^^^^^^^^^^^^^^^^^^^^^^^^^^^^^^^^^^^^^^^^^^^^^^^^^^^^^^^^^^^^^^^^\n  File \"C:\\Users\\Anastasia\\AppData\\Local\\Packages\\PythonSoftwareFoundation.Python.3.12_qbz5n2kfra8p0\\LocalCache\\local-packages\\Python312\\site-packages\\selenium\\webdriver\\support\\wait.py\", line 105, in until\n    raise TimeoutException(message, screen, stacktrace)\n"}, "parameters": [{"name": "locator", "value": "('xpath', '//ul[contains(@class, \"OrderFeed_orderListReady\")]/li[contains(@class, \"text_type_digits-default\")]')"}], "start": 1721310212904, "stop": 1721310233222}], "parameters": [{"name": "locator", "value": "('xpath', '//ul[contains(@class, \"OrderFeed_orderListReady\")]/li[contains(@class, \"text_type_digits-default\")]')"}], "start": 1721310212904, "stop": 1721310233223}], "start": 1721310212903, "stop": 1721310233223}], "parameters": [{"name": "driver", "value": "'chrome'"}], "start": 1721310205804, "stop": 1721310233224, "uuid": "78385151-b4c7-4167-8a96-639c6ac5c881", "historyId": "855cf6b1f8f8da2de436e31011311415", "testCaseId": "c7f6ea828292b1828ecfbf1909365a35", "fullName": "tests.test_lent_of_orders.TestLentOrders#test_create_new_order_number_appear_in_progress", "labels": [{"name": "parentSuite", "value": "tests"}, {"name": "suite", "value": "test_lent_of_orders"}, {"name": "subSuite", "value": "TestLentOrders"}, {"name": "host", "value": "Pro_Magnus_M"}, {"name": "thread", "value": "15940-MainThread"}, {"name": "framework", "value": "pytest"}, {"name": "language", "value": "cpython3"}, {"name": "package", "value": "tests.test_lent_of_orders"}]}