{"name": "Проверка: после оформления заказа его номер появляется в разделе \"В работе\"", "status": "broken", "statusDetails": {"message": "selenium.common.exceptions.TimeoutException: Message: \nStacktrace:\n\tGetHandleVerifier [0x00007FF76631EEA2+31554]\n\t(No symbol) [0x00007FF766297ED9]\n\t(No symbol) [0x00007FF76615872A]\n\t(No symbol) [0x00007FF7661A8434]\n\t(No symbol) [0x00007FF7661A853C]\n\t(No symbol) [0x00007FF7661EF6A7]\n\t(No symbol) [0x00007FF7661CD06F]\n\t(No symbol) [0x00007FF7661EC977]\n\t(No symbol) [0x00007FF7661CCDD3]\n\t(No symbol) [0x00007FF76619A33B]\n\t(No symbol) [0x00007FF76619AED1]\n\tGetHandleVerifier [0x00007FF766628B1D+3217341]\n\tGetHandleVerifier [0x00007FF766675AE3+3532675]\n\tGetHandleVerifier [0x00007FF76666B0E0+3489152]\n\tGetHandleVerifier [0x00007FF7663CE776+750614]\n\t(No symbol) [0x00007FF7662A375F]\n\t(No symbol) [0x00007FF76629EB14]\n\t(No symbol) [0x00007FF76629ECA2]\n\t(No symbol) [0x00007FF76628E16F]\n\tBaseThreadInitThunk [0x00007FFF5AFA257D+29]\n\tRtlUserThreadStart [0x00007FFF5C6EAF28+40]", "trace": "self = <tests.test_lent_of_orders.TestLentOrders object at 0x0000025B86852B40>, driver = <selenium.webdriver.chrome.webdriver.WebDriver (session=\"e0b8f1abedb64a90cddaea254eab96fa\")>, set_token = None\n\n    @allure.title('Проверка: после оформления заказа его номер появляется в разделе \"В работе\"') #-+\n    def test_create_new_order_number_appear_in_progress(self, driver, set_token):\n        main_page = MainPage(driver)\n        food_page = FoodPage(driver)\n        main_page.click_enter_account_main_page()\n        main_page.drag_drop_ingredient_to_order()\n        main_page.click_button_make_order()\n>       new_order = main_page.get_created_new_order_number()\n\ntests\\test_lent_of_orders.py:68: \n_ _ _ _ _ _ _ _ _ _ _ _ _ _ _ _ _ _ _ _ _ _ _ _ _ _ _ _ _ _ _ _ _ _ _ _ _ _ _ _ _ _ _ _ _ _ _ _ _ _ _ _ _ _ _ _ _ _ _ _ _ _ _ _ _ _ _ _ _ _ _ _ _ _ _ _ _ _ _ _ _ _ _ _ _ _ _ _ _ _ _ _ _ _ _ _ _ _ _ _ _ _ _\npage_objects\\main_page.py:103: in get_created_new_order_number\n    return self.get_text_from_element(MainPageLocators.ORDER_NUMBER)\npage_objects\\base_page.py:38: in get_text_from_element\n    self.wait_visibility_of_element(locator)\npage_objects\\base_page.py:30: in wait_visibility_of_element\n    return WebDriverWait(self.driver, 20).until(expected_conditions.visibility_of_element_located(locator))\n_ _ _ _ _ _ _ _ _ _ _ _ _ _ _ _ _ _ _ _ _ _ _ _ _ _ _ _ _ _ _ _ _ _ _ _ _ _ _ _ _ _ _ _ _ _ _ _ _ _ _ _ _ _ _ _ _ _ _ _ _ _ _ _ _ _ _ _ _ _ _ _ _ _ _ _ _ _ _ _ _ _ _ _ _ _ _ _ _ _ _ _ _ _ _ _ _ _ _ _ _ _ _\n\nself = <selenium.webdriver.support.wait.WebDriverWait (session=\"e0b8f1abedb64a90cddaea254eab96fa\")>, method = <function visibility_of_element_located.<locals>._predicate at 0x0000025B8695D760>, message = ''\n\n    def until(self, method: Callable[[D], Union[Literal[False], T]], message: str = \"\") -> T:\n        \"\"\"Calls the method provided with the driver as an argument until the \\\n        return value does not evaluate to ``False``.\n    \n        :param method: callable(WebDriver)\n        :param message: optional message for :exc:`TimeoutException`\n        :returns: the result of the last call to `method`\n        :raises: :exc:`selenium.common.exceptions.TimeoutException` if timeout occurs\n        \"\"\"\n        screen = None\n        stacktrace = None\n    \n        end_time = time.monotonic() + self._timeout\n        while True:\n            try:\n                value = method(self._driver)\n                if value:\n                    return value\n            except self._ignored_exceptions as exc:\n                screen = getattr(exc, \"screen\", None)\n                stacktrace = getattr(exc, \"stacktrace\", None)\n            time.sleep(self._poll)\n            if time.monotonic() > end_time:\n                break\n>       raise TimeoutException(message, screen, stacktrace)\nE       selenium.common.exceptions.TimeoutException: Message: \nE       Stacktrace:\nE       \tGetHandleVerifier [0x00007FF76631EEA2+31554]\nE       \t(No symbol) [0x00007FF766297ED9]\nE       \t(No symbol) [0x00007FF76615872A]\nE       \t(No symbol) [0x00007FF7661A8434]\nE       \t(No symbol) [0x00007FF7661A853C]\nE       \t(No symbol) [0x00007FF7661EF6A7]\nE       \t(No symbol) [0x00007FF7661CD06F]\nE       \t(No symbol) [0x00007FF7661EC977]\nE       \t(No symbol) [0x00007FF7661CCDD3]\nE       \t(No symbol) [0x00007FF76619A33B]\nE       \t(No symbol) [0x00007FF76619AED1]\nE       \tGetHandleVerifier [0x00007FF766628B1D+3217341]\nE       \tGetHandleVerifier [0x00007FF766675AE3+3532675]\nE       \tGetHandleVerifier [0x00007FF76666B0E0+3489152]\nE       \tGetHandleVerifier [0x00007FF7663CE776+750614]\nE       \t(No symbol) [0x00007FF7662A375F]\nE       \t(No symbol) [0x00007FF76629EB14]\nE       \t(No symbol) [0x00007FF76629ECA2]\nE       \t(No symbol) [0x00007FF76628E16F]\nE       \tBaseThreadInitThunk [0x00007FFF5AFA257D+29]\nE       \tRtlUserThreadStart [0x00007FFF5C6EAF28+40]\n\n..\\..\\AppData\\Local\\Packages\\PythonSoftwareFoundation.Python.3.12_qbz5n2kfra8p0\\LocalCache\\local-packages\\Python312\\site-packages\\selenium\\webdriver\\support\\wait.py:105: TimeoutException"}, "steps": [{"name": "Клик по кнопке \"Войти в аккаунт\" на гл странице, для мозилы", "status": "passed", "start": 1721156817260, "stop": 1721156817559}, {"name": "Перетащить ингредиент", "status": "passed", "steps": [{"name": "Найти элемент на странице", "status": "passed", "steps": [{"name": "Прогрузка элемента", "status": "passed", "parameters": [{"name": "locator", "value": "('xpath', './/*[@alt=\"Флюоресцентная булка R2-D3\"]')"}], "start": 1721156817559, "stop": 1721156817577}], "parameters": [{"name": "locator", "value": "('xpath', './/*[@alt=\"Флюоресцентная булка R2-D3\"]')"}], "start": 1721156817559, "stop": 1721156817583}, {"name": "Найти элемент на странице", "status": "passed", "steps": [{"name": "Прогрузка элемента", "status": "passed", "parameters": [{"name": "locator", "value": "('xpath', '//section[contains(@class, \"BurgerConstructor_basket\")]')"}], "start": 1721156817583, "stop": 1721156817596}], "parameters": [{"name": "locator", "value": "('xpath', '//section[contains(@class, \"BurgerConstructor_basket\")]')"}], "start": 1721156817583, "stop": 1721156817600}, {"name": "Перетащить элемент", "status": "passed", "parameters": [{"name": "source_element", "value": "<selenium.webdriver.remote.webelement.WebElement (session=\"e0b8f1abedb64a90cddaea254eab96fa\", element=\"f.E89F1E1EE95004784DE95832ED05C54F.d.DD99488A57D3E4D63DED09FB7A5A701F.e.59\")>"}, {"name": "target_element", "value": "<selenium.webdriver.remote.webelement.WebElement (session=\"e0b8f1abedb64a90cddaea254eab96fa\", element=\"f.E89F1E1EE95004784DE95832ED05C54F.d.DD99488A57D3E4D63DED09FB7A5A701F.e.60\")>"}], "start": 1721156817600, "stop": 1721156823173}], "start": 1721156817559, "stop": 1721156823173}, {"name": "Кликнуть на кнопку \"Оформить заказ\"", "status": "passed", "steps": [{"name": "Прогрузка элемента", "status": "passed", "parameters": [{"name": "locator", "value": "('class name', 'button_button__33qZ0')"}], "start": 1721156823174, "stop": 1721156823190}, {"name": "Клик по элементу", "status": "passed", "parameters": [{"name": "locator", "value": "('class name', 'button_button__33qZ0')"}], "start": 1721156823190, "stop": 1721156823242}], "start": 1721156823174, "stop": 1721156823243}, {"name": "Получить номер созданного заказа", "status": "broken", "statusDetails": {"message": "selenium.common.exceptions.TimeoutException: Message: \nStacktrace:\n\tGetHandleVerifier [0x00007FF76631EEA2+31554]\n\t(No symbol) [0x00007FF766297ED9]\n\t(No symbol) [0x00007FF76615872A]\n\t(No symbol) [0x00007FF7661A8434]\n\t(No symbol) [0x00007FF7661A853C]\n\t(No symbol) [0x00007FF7661EF6A7]\n\t(No symbol) [0x00007FF7661CD06F]\n\t(No symbol) [0x00007FF7661EC977]\n\t(No symbol) [0x00007FF7661CCDD3]\n\t(No symbol) [0x00007FF76619A33B]\n\t(No symbol) [0x00007FF76619AED1]\n\tGetHandleVerifier [0x00007FF766628B1D+3217341]\n\tGetHandleVerifier [0x00007FF766675AE3+3532675]\n\tGetHandleVerifier [0x00007FF76666B0E0+3489152]\n\tGetHandleVerifier [0x00007FF7663CE776+750614]\n\t(No symbol) [0x00007FF7662A375F]\n\t(No symbol) [0x00007FF76629EB14]\n\t(No symbol) [0x00007FF76629ECA2]\n\t(No symbol) [0x00007FF76628E16F]\n\tBaseThreadInitThunk [0x00007FFF5AFA257D+29]\n\tRtlUserThreadStart [0x00007FFF5C6EAF28+40]\n\n", "trace": "  File \"C:\\Users\\Anastasia\\AppData\\Local\\Packages\\PythonSoftwareFoundation.Python.3.12_qbz5n2kfra8p0\\LocalCache\\local-packages\\Python312\\site-packages\\allure_commons\\_allure.py\", line 192, in impl\n    return func(*a, **kw)\n           ^^^^^^^^^^^^^^\n  File \"C:\\Users\\Anastasia\\PycharmProjects\\Diplom_3\\page_objects\\main_page.py\", line 103, in get_created_new_order_number\n    return self.get_text_from_element(MainPageLocators.ORDER_NUMBER)\n           ^^^^^^^^^^^^^^^^^^^^^^^^^^^^^^^^^^^^^^^^^^^^^^^^^^^^^^^^^\n  File \"C:\\Users\\Anastasia\\AppData\\Local\\Packages\\PythonSoftwareFoundation.Python.3.12_qbz5n2kfra8p0\\LocalCache\\local-packages\\Python312\\site-packages\\allure_commons\\_allure.py\", line 192, in impl\n    return func(*a, **kw)\n           ^^^^^^^^^^^^^^\n  File \"C:\\Users\\Anastasia\\PycharmProjects\\Diplom_3\\page_objects\\base_page.py\", line 38, in get_text_from_element\n    self.wait_visibility_of_element(locator)\n  File \"C:\\Users\\Anastasia\\AppData\\Local\\Packages\\PythonSoftwareFoundation.Python.3.12_qbz5n2kfra8p0\\LocalCache\\local-packages\\Python312\\site-packages\\allure_commons\\_allure.py\", line 192, in impl\n    return func(*a, **kw)\n           ^^^^^^^^^^^^^^\n  File \"C:\\Users\\Anastasia\\PycharmProjects\\Diplom_3\\page_objects\\base_page.py\", line 30, in wait_visibility_of_element\n    return WebDriverWait(self.driver, 20).until(expected_conditions.visibility_of_element_located(locator))\n           ^^^^^^^^^^^^^^^^^^^^^^^^^^^^^^^^^^^^^^^^^^^^^^^^^^^^^^^^^^^^^^^^^^^^^^^^^^^^^^^^^^^^^^^^^^^^^^^^\n  File \"C:\\Users\\Anastasia\\AppData\\Local\\Packages\\PythonSoftwareFoundation.Python.3.12_qbz5n2kfra8p0\\LocalCache\\local-packages\\Python312\\site-packages\\selenium\\webdriver\\support\\wait.py\", line 105, in until\n    raise TimeoutException(message, screen, stacktrace)\n"}, "steps": [{"name": "Ожидание изменения номера заказа", "status": "passed", "parameters": [{"name": "locator", "value": "('xpath', '//section[contains(@class, \"Modal_modal_opened\")]//h2')"}, {"name": "value", "value": "'999'"}], "start": 1721156823243, "stop": 1721156823259}, {"name": "Получить текст элемента", "status": "broken", "statusDetails": {"message": "selenium.common.exceptions.TimeoutException: Message: \nStacktrace:\n\tGetHandleVerifier [0x00007FF76631EEA2+31554]\n\t(No symbol) [0x00007FF766297ED9]\n\t(No symbol) [0x00007FF76615872A]\n\t(No symbol) [0x00007FF7661A8434]\n\t(No symbol) [0x00007FF7661A853C]\n\t(No symbol) [0x00007FF7661EF6A7]\n\t(No symbol) [0x00007FF7661CD06F]\n\t(No symbol) [0x00007FF7661EC977]\n\t(No symbol) [0x00007FF7661CCDD3]\n\t(No symbol) [0x00007FF76619A33B]\n\t(No symbol) [0x00007FF76619AED1]\n\tGetHandleVerifier [0x00007FF766628B1D+3217341]\n\tGetHandleVerifier [0x00007FF766675AE3+3532675]\n\tGetHandleVerifier [0x00007FF76666B0E0+3489152]\n\tGetHandleVerifier [0x00007FF7663CE776+750614]\n\t(No symbol) [0x00007FF7662A375F]\n\t(No symbol) [0x00007FF76629EB14]\n\t(No symbol) [0x00007FF76629ECA2]\n\t(No symbol) [0x00007FF76628E16F]\n\tBaseThreadInitThunk [0x00007FFF5AFA257D+29]\n\tRtlUserThreadStart [0x00007FFF5C6EAF28+40]\n\n", "trace": "  File \"C:\\Users\\Anastasia\\AppData\\Local\\Packages\\PythonSoftwareFoundation.Python.3.12_qbz5n2kfra8p0\\LocalCache\\local-packages\\Python312\\site-packages\\allure_commons\\_allure.py\", line 192, in impl\n    return func(*a, **kw)\n           ^^^^^^^^^^^^^^\n  File \"C:\\Users\\Anastasia\\PycharmProjects\\Diplom_3\\page_objects\\base_page.py\", line 38, in get_text_from_element\n    self.wait_visibility_of_element(locator)\n  File \"C:\\Users\\Anastasia\\AppData\\Local\\Packages\\PythonSoftwareFoundation.Python.3.12_qbz5n2kfra8p0\\LocalCache\\local-packages\\Python312\\site-packages\\allure_commons\\_allure.py\", line 192, in impl\n    return func(*a, **kw)\n           ^^^^^^^^^^^^^^\n  File \"C:\\Users\\Anastasia\\PycharmProjects\\Diplom_3\\page_objects\\base_page.py\", line 30, in wait_visibility_of_element\n    return WebDriverWait(self.driver, 20).until(expected_conditions.visibility_of_element_located(locator))\n           ^^^^^^^^^^^^^^^^^^^^^^^^^^^^^^^^^^^^^^^^^^^^^^^^^^^^^^^^^^^^^^^^^^^^^^^^^^^^^^^^^^^^^^^^^^^^^^^^\n  File \"C:\\Users\\Anastasia\\AppData\\Local\\Packages\\PythonSoftwareFoundation.Python.3.12_qbz5n2kfra8p0\\LocalCache\\local-packages\\Python312\\site-packages\\selenium\\webdriver\\support\\wait.py\", line 105, in until\n    raise TimeoutException(message, screen, stacktrace)\n"}, "steps": [{"name": "Прогрузка элемента", "status": "broken", "statusDetails": {"message": "selenium.common.exceptions.TimeoutException: Message: \nStacktrace:\n\tGetHandleVerifier [0x00007FF76631EEA2+31554]\n\t(No symbol) [0x00007FF766297ED9]\n\t(No symbol) [0x00007FF76615872A]\n\t(No symbol) [0x00007FF7661A8434]\n\t(No symbol) [0x00007FF7661A853C]\n\t(No symbol) [0x00007FF7661EF6A7]\n\t(No symbol) [0x00007FF7661CD06F]\n\t(No symbol) [0x00007FF7661EC977]\n\t(No symbol) [0x00007FF7661CCDD3]\n\t(No symbol) [0x00007FF76619A33B]\n\t(No symbol) [0x00007FF76619AED1]\n\tGetHandleVerifier [0x00007FF766628B1D+3217341]\n\tGetHandleVerifier [0x00007FF766675AE3+3532675]\n\tGetHandleVerifier [0x00007FF76666B0E0+3489152]\n\tGetHandleVerifier [0x00007FF7663CE776+750614]\n\t(No symbol) [0x00007FF7662A375F]\n\t(No symbol) [0x00007FF76629EB14]\n\t(No symbol) [0x00007FF76629ECA2]\n\t(No symbol) [0x00007FF76628E16F]\n\tBaseThreadInitThunk [0x00007FFF5AFA257D+29]\n\tRtlUserThreadStart [0x00007FFF5C6EAF28+40]\n\n", "trace": "  File \"C:\\Users\\Anastasia\\AppData\\Local\\Packages\\PythonSoftwareFoundation.Python.3.12_qbz5n2kfra8p0\\LocalCache\\local-packages\\Python312\\site-packages\\allure_commons\\_allure.py\", line 192, in impl\n    return func(*a, **kw)\n           ^^^^^^^^^^^^^^\n  File \"C:\\Users\\Anastasia\\PycharmProjects\\Diplom_3\\page_objects\\base_page.py\", line 30, in wait_visibility_of_element\n    return WebDriverWait(self.driver, 20).until(expected_conditions.visibility_of_element_located(locator))\n           ^^^^^^^^^^^^^^^^^^^^^^^^^^^^^^^^^^^^^^^^^^^^^^^^^^^^^^^^^^^^^^^^^^^^^^^^^^^^^^^^^^^^^^^^^^^^^^^^\n  File \"C:\\Users\\Anastasia\\AppData\\Local\\Packages\\PythonSoftwareFoundation.Python.3.12_qbz5n2kfra8p0\\LocalCache\\local-packages\\Python312\\site-packages\\selenium\\webdriver\\support\\wait.py\", line 105, in until\n    raise TimeoutException(message, screen, stacktrace)\n"}, "parameters": [{"name": "locator", "value": "('xpath', '//section[contains(@class, \"Modal_modal_opened\")]//h2')"}], "start": 1721156823259, "stop": 1721156843579}], "parameters": [{"name": "locator", "value": "('xpath', '//section[contains(@class, \"Modal_modal_opened\")]//h2')"}], "start": 1721156823259, "stop": 1721156843579}], "start": 1721156823243, "stop": 1721156843580}], "parameters": [{"name": "driver", "value": "'chrome'"}], "start": 1721156817260, "stop": 1721156843581, "uuid": "ca80162a-57b4-4682-a153-e9541417e2e0", "historyId": "855cf6b1f8f8da2de436e31011311415", "testCaseId": "c7f6ea828292b1828ecfbf1909365a35", "fullName": "tests.test_lent_of_orders.TestLentOrders#test_create_new_order_number_appear_in_progress", "labels": [{"name": "parentSuite", "value": "tests"}, {"name": "suite", "value": "test_lent_of_orders"}, {"name": "subSuite", "value": "TestLentOrders"}, {"name": "host", "value": "Pro_Magnus_M"}, {"name": "thread", "value": "18484-MainThread"}, {"name": "framework", "value": "pytest"}, {"name": "language", "value": "cpython3"}, {"name": "package", "value": "tests.test_lent_of_orders"}]}